#! /mingw64/bin/vvp
:ivl_version "12.0 (devel)" "(s20150603-1391-gd480c4d7d)";
:ivl_delay_selection "TYPICAL";
:vpi_time_precision - 12;
:vpi_module "C:\msys64\mingw64\lib\ivl\system.vpi";
:vpi_module "C:\msys64\mingw64\lib\ivl\vhdl_sys.vpi";
:vpi_module "C:\msys64\mingw64\lib\ivl\vhdl_textio.vpi";
:vpi_module "C:\msys64\mingw64\lib\ivl\v2005_math.vpi";
:vpi_module "C:\msys64\mingw64\lib\ivl\va_math.vpi";
:vpi_module "C:\msys64\mingw64\lib\ivl\v2009.vpi";
S_0000018e43e258f0 .scope package, "$unit" "$unit" 2 1;
 .timescale 0 0;
S_0000018e43e27c30 .scope module, "cksum_tb" "cksum_tb" 3 4;
 .timescale -9 -12;
v0000018e43e86bd0_0 .var "axiid", 1 0;
v0000018e43e86c70_0 .var "axiiv", 0 0;
v0000018e43e87030_0 .var "cksum", 31 0;
v0000018e43e86310_0 .var "clk", 0 0;
v0000018e43e86450_0 .net "done", 0 0, v0000018e43e86270_0;  1 drivers
v0000018e43e864f0_0 .net "kill", 0 0, v0000018e43e86950_0;  1 drivers
v0000018e43e86db0_0 .var "message", 167 0;
v0000018e43e86d10_0 .var "rst", 0 0;
v0000018e43e86590_0 .var "segment", 7 0;
v0000018e43e869f0_0 .var "total", 199 0;
v0000018e43e868b0_0 .var "total2", 199 0;
S_0000018e43e198c0 .scope begin, "$ivl_for_loop0" "$ivl_for_loop0" 3 54, 3 54 0, S_0000018e43e27c30;
 .timescale -9 -12;
v0000018e43e19be0_0 .var/2s "i", 31 0;
S_0000018e43e19a50 .scope begin, "$ivl_for_loop1" "$ivl_for_loop1" 3 57, 3 57 0, S_0000018e43e198c0;
 .timescale -9 -12;
v0000018e43e04560_0 .var/2s "j", 31 0;
S_0000018e43e123a0 .scope begin, "$ivl_for_loop2" "$ivl_for_loop2" 3 80, 3 80 0, S_0000018e43e27c30;
 .timescale -9 -12;
v0000018e43e126c0_0 .var/2s "i", 31 0;
S_0000018e43e12530 .scope begin, "$ivl_for_loop3" "$ivl_for_loop3" 3 83, 3 83 0, S_0000018e43e123a0;
 .timescale -9 -12;
v0000018e43e19c80_0 .var/2s "j", 31 0;
S_0000018e43f06420 .scope module, "my_cksum" "cksum" 3 12, 4 4 0, S_0000018e43e27c30;
 .timescale -9 -12;
    .port_info 0 /INPUT 1 "clk";
    .port_info 1 /INPUT 1 "rst";
    .port_info 2 /INPUT 1 "axiiv";
    .port_info 3 /INPUT 2 "axiid";
    .port_info 4 /OUTPUT 1 "done";
    .port_info 5 /OUTPUT 1 "kill";
v0000018e43e86f90_0 .net "axiid", 1 0, v0000018e43e86bd0_0;  1 drivers
v0000018e43e86130_0 .net "axiiv", 0 0, v0000018e43e86c70_0;  1 drivers
v0000018e43e86770_0 .net "axiod", 31 0, L_0000018e43e15980;  1 drivers
L_0000018e43f10088 .functor BUFT 1, C4<1>, C4<0>, C4<0>, C4<0>;
v0000018e43e86e50_0 .net "axiov", 0 0, L_0000018e43f10088;  1 drivers
v0000018e43e86ef0_0 .net "clk", 0 0, v0000018e43e86310_0;  1 drivers
v0000018e43e861d0_0 .var "crc_rst", 0 0;
v0000018e43e86270_0 .var "done", 0 0;
v0000018e43e86b30_0 .var "first_axiiv", 0 0;
v0000018e43e86950_0 .var "kill", 0 0;
v0000018e43e86630_0 .net "rst", 0 0, v0000018e43e86d10_0;  1 drivers
S_0000018e43f065b0 .scope module, "mycrc" "crc32" 4 18, 5 22 0, S_0000018e43f06420;
 .timescale -9 -12;
    .port_info 0 /INPUT 1 "clk";
    .port_info 1 /INPUT 1 "rst";
    .port_info 2 /INPUT 1 "axiiv";
    .port_info 3 /INPUT 2 "axiid";
    .port_info 4 /OUTPUT 1 "axiov";
    .port_info 5 /OUTPUT 32 "axiod";
L_0000018e43e15980 .functor NOT 32, v0000018e43f0be90_0, C4<00000000000000000000000000000000>, C4<00000000000000000000000000000000>, C4<00000000000000000000000000000000>;
v0000018e43e12760_0 .net "axiid", 1 0, v0000018e43e86bd0_0;  alias, 1 drivers
v0000018e43e27dc0_0 .net "axiiv", 0 0, v0000018e43e86c70_0;  alias, 1 drivers
v0000018e43e27e60_0 .net "axiod", 31 0, L_0000018e43e15980;  alias, 1 drivers
v0000018e43f0bdf0_0 .net "axiov", 0 0, L_0000018e43f10088;  alias, 1 drivers
v0000018e43f0be90_0 .var "caxiod", 31 0;
v0000018e43f06740_0 .net "clk", 0 0, v0000018e43e86310_0;  alias, 1 drivers
v0000018e43f067e0_0 .var/i "i", 31 0;
v0000018e43e7e030_0 .net "rst", 0 0, v0000018e43e861d0_0;  1 drivers
v0000018e43e863b0_0 .var "saxiod", 31 0;
E_0000018e43e2a5b0 .event posedge, v0000018e43f06740_0;
E_0000018e43e2aef0 .event anyedge, v0000018e43f0be90_0, v0000018e43e12760_0;
    .scope S_0000018e43f065b0;
T_0 ;
    %wait E_0000018e43e2aef0;
    %pushi/vec4 0, 0, 32;
    %store/vec4 v0000018e43f067e0_0, 0, 32;
T_0.0 ;
    %load/vec4 v0000018e43f067e0_0;
    %cmpi/s 32, 0, 32;
    %jmp/0xz T_0.1, 5;
    %load/vec4 v0000018e43f067e0_0;
    %dup/vec4;
    %pushi/vec4 0, 0, 32;
    %cmp/u;
    %jmp/1 T_0.2, 6;
    %dup/vec4;
    %pushi/vec4 1, 0, 32;
    %cmp/u;
    %jmp/1 T_0.3, 6;
    %dup/vec4;
    %pushi/vec4 4, 0, 32;
    %cmp/u;
    %jmp/1 T_0.4, 6;
    %dup/vec4;
    %pushi/vec4 7, 0, 32;
    %cmp/u;
    %jmp/1 T_0.5, 6;
    %dup/vec4;
    %pushi/vec4 10, 0, 32;
    %cmp/u;
    %jmp/1 T_0.6, 6;
    %dup/vec4;
    %pushi/vec4 16, 0, 32;
    %cmp/u;
    %jmp/1 T_0.7, 6;
    %dup/vec4;
    %pushi/vec4 22, 0, 32;
    %cmp/u;
    %jmp/1 T_0.8, 6;
    %dup/vec4;
    %pushi/vec4 26, 0, 32;
    %cmp/u;
    %jmp/1 T_0.9, 6;
    %dup/vec4;
    %pushi/vec4 2, 0, 32;
    %cmp/u;
    %jmp/1 T_0.10, 6;
    %dup/vec4;
    %pushi/vec4 5, 0, 32;
    %cmp/u;
    %jmp/1 T_0.11, 6;
    %dup/vec4;
    %pushi/vec4 8, 0, 32;
    %cmp/u;
    %jmp/1 T_0.12, 6;
    %dup/vec4;
    %pushi/vec4 11, 0, 32;
    %cmp/u;
    %jmp/1 T_0.13, 6;
    %dup/vec4;
    %pushi/vec4 12, 0, 32;
    %cmp/u;
    %jmp/1 T_0.14, 6;
    %dup/vec4;
    %pushi/vec4 23, 0, 32;
    %cmp/u;
    %jmp/1 T_0.15, 6;
    %dup/vec4;
    %pushi/vec4 3, 0, 32;
    %cmp/u;
    %jmp/1 T_0.16, 6;
    %dup/vec4;
    %pushi/vec4 6, 0, 32;
    %cmp/u;
    %jmp/1 T_0.17, 6;
    %dup/vec4;
    %pushi/vec4 9, 0, 32;
    %cmp/u;
    %jmp/1 T_0.18, 6;
    %dup/vec4;
    %pushi/vec4 13, 0, 32;
    %cmp/u;
    %jmp/1 T_0.19, 6;
    %dup/vec4;
    %pushi/vec4 17, 0, 32;
    %cmp/u;
    %jmp/1 T_0.20, 6;
    %dup/vec4;
    %pushi/vec4 24, 0, 32;
    %cmp/u;
    %jmp/1 T_0.21, 6;
    %dup/vec4;
    %pushi/vec4 27, 0, 32;
    %cmp/u;
    %jmp/1 T_0.22, 6;
    %load/vec4 v0000018e43f0be90_0;
    %load/vec4 v0000018e43f067e0_0;
    %subi 2, 0, 32;
    %part/s 1;
    %ix/getv/s 4, v0000018e43f067e0_0;
    %store/vec4 v0000018e43e863b0_0, 4, 1;
    %jmp T_0.24;
T_0.2 ;
    %load/vec4 v0000018e43f0be90_0;
    %parti/s 1, 30, 6;
    %load/vec4 v0000018e43e12760_0;
    %parti/s 1, 1, 2;
    %xor;
    %ix/getv/s 4, v0000018e43f067e0_0;
    %store/vec4 v0000018e43e863b0_0, 4, 1;
    %jmp T_0.24;
T_0.3 ;
    %load/vec4 v0000018e43f0be90_0;
    %parti/s 1, 31, 6;
    %load/vec4 v0000018e43e12760_0;
    %parti/s 1, 0, 2;
    %xor;
    %load/vec4 v0000018e43f0be90_0;
    %parti/s 1, 30, 6;
    %load/vec4 v0000018e43e12760_0;
    %parti/s 1, 1, 2;
    %xor;
    %xor;
    %ix/getv/s 4, v0000018e43f067e0_0;
    %store/vec4 v0000018e43e863b0_0, 4, 1;
    %jmp T_0.24;
T_0.4 ;
    %load/vec4 v0000018e43f0be90_0;
    %load/vec4 v0000018e43f067e0_0;
    %subi 2, 0, 32;
    %part/s 1;
    %load/vec4 v0000018e43f0be90_0;
    %parti/s 1, 30, 6;
    %load/vec4 v0000018e43e12760_0;
    %parti/s 1, 1, 2;
    %xor;
    %xor;
    %ix/getv/s 4, v0000018e43f067e0_0;
    %store/vec4 v0000018e43e863b0_0, 4, 1;
    %jmp T_0.24;
T_0.5 ;
    %load/vec4 v0000018e43f0be90_0;
    %load/vec4 v0000018e43f067e0_0;
    %subi 2, 0, 32;
    %part/s 1;
    %load/vec4 v0000018e43f0be90_0;
    %parti/s 1, 30, 6;
    %load/vec4 v0000018e43e12760_0;
    %parti/s 1, 1, 2;
    %xor;
    %xor;
    %ix/getv/s 4, v0000018e43f067e0_0;
    %store/vec4 v0000018e43e863b0_0, 4, 1;
    %jmp T_0.24;
T_0.6 ;
    %load/vec4 v0000018e43f0be90_0;
    %load/vec4 v0000018e43f067e0_0;
    %subi 2, 0, 32;
    %part/s 1;
    %load/vec4 v0000018e43f0be90_0;
    %parti/s 1, 30, 6;
    %load/vec4 v0000018e43e12760_0;
    %parti/s 1, 1, 2;
    %xor;
    %xor;
    %ix/getv/s 4, v0000018e43f067e0_0;
    %store/vec4 v0000018e43e863b0_0, 4, 1;
    %jmp T_0.24;
T_0.7 ;
    %load/vec4 v0000018e43f0be90_0;
    %load/vec4 v0000018e43f067e0_0;
    %subi 2, 0, 32;
    %part/s 1;
    %load/vec4 v0000018e43f0be90_0;
    %parti/s 1, 30, 6;
    %load/vec4 v0000018e43e12760_0;
    %parti/s 1, 1, 2;
    %xor;
    %xor;
    %ix/getv/s 4, v0000018e43f067e0_0;
    %store/vec4 v0000018e43e863b0_0, 4, 1;
    %jmp T_0.24;
T_0.8 ;
    %load/vec4 v0000018e43f0be90_0;
    %load/vec4 v0000018e43f067e0_0;
    %subi 2, 0, 32;
    %part/s 1;
    %load/vec4 v0000018e43f0be90_0;
    %parti/s 1, 30, 6;
    %load/vec4 v0000018e43e12760_0;
    %parti/s 1, 1, 2;
    %xor;
    %xor;
    %ix/getv/s 4, v0000018e43f067e0_0;
    %store/vec4 v0000018e43e863b0_0, 4, 1;
    %jmp T_0.24;
T_0.9 ;
    %load/vec4 v0000018e43f0be90_0;
    %load/vec4 v0000018e43f067e0_0;
    %subi 2, 0, 32;
    %part/s 1;
    %load/vec4 v0000018e43f0be90_0;
    %parti/s 1, 30, 6;
    %load/vec4 v0000018e43e12760_0;
    %parti/s 1, 1, 2;
    %xor;
    %xor;
    %ix/getv/s 4, v0000018e43f067e0_0;
    %store/vec4 v0000018e43e863b0_0, 4, 1;
    %jmp T_0.24;
T_0.10 ;
    %load/vec4 v0000018e43f0be90_0;
    %load/vec4 v0000018e43f067e0_0;
    %subi 2, 0, 32;
    %part/s 1;
    %load/vec4 v0000018e43f0be90_0;
    %parti/s 1, 31, 6;
    %load/vec4 v0000018e43e12760_0;
    %parti/s 1, 0, 2;
    %xor;
    %load/vec4 v0000018e43f0be90_0;
    %parti/s 1, 30, 6;
    %load/vec4 v0000018e43e12760_0;
    %parti/s 1, 1, 2;
    %xor;
    %xor;
    %xor;
    %ix/getv/s 4, v0000018e43f067e0_0;
    %store/vec4 v0000018e43e863b0_0, 4, 1;
    %jmp T_0.24;
T_0.11 ;
    %load/vec4 v0000018e43f0be90_0;
    %load/vec4 v0000018e43f067e0_0;
    %subi 2, 0, 32;
    %part/s 1;
    %load/vec4 v0000018e43f0be90_0;
    %parti/s 1, 31, 6;
    %load/vec4 v0000018e43e12760_0;
    %parti/s 1, 0, 2;
    %xor;
    %load/vec4 v0000018e43f0be90_0;
    %parti/s 1, 30, 6;
    %load/vec4 v0000018e43e12760_0;
    %parti/s 1, 1, 2;
    %xor;
    %xor;
    %xor;
    %ix/getv/s 4, v0000018e43f067e0_0;
    %store/vec4 v0000018e43e863b0_0, 4, 1;
    %jmp T_0.24;
T_0.12 ;
    %load/vec4 v0000018e43f0be90_0;
    %load/vec4 v0000018e43f067e0_0;
    %subi 2, 0, 32;
    %part/s 1;
    %load/vec4 v0000018e43f0be90_0;
    %parti/s 1, 31, 6;
    %load/vec4 v0000018e43e12760_0;
    %parti/s 1, 0, 2;
    %xor;
    %load/vec4 v0000018e43f0be90_0;
    %parti/s 1, 30, 6;
    %load/vec4 v0000018e43e12760_0;
    %parti/s 1, 1, 2;
    %xor;
    %xor;
    %xor;
    %ix/getv/s 4, v0000018e43f067e0_0;
    %store/vec4 v0000018e43e863b0_0, 4, 1;
    %jmp T_0.24;
T_0.13 ;
    %load/vec4 v0000018e43f0be90_0;
    %load/vec4 v0000018e43f067e0_0;
    %subi 2, 0, 32;
    %part/s 1;
    %load/vec4 v0000018e43f0be90_0;
    %parti/s 1, 31, 6;
    %load/vec4 v0000018e43e12760_0;
    %parti/s 1, 0, 2;
    %xor;
    %load/vec4 v0000018e43f0be90_0;
    %parti/s 1, 30, 6;
    %load/vec4 v0000018e43e12760_0;
    %parti/s 1, 1, 2;
    %xor;
    %xor;
    %xor;
    %ix/getv/s 4, v0000018e43f067e0_0;
    %store/vec4 v0000018e43e863b0_0, 4, 1;
    %jmp T_0.24;
T_0.14 ;
    %load/vec4 v0000018e43f0be90_0;
    %load/vec4 v0000018e43f067e0_0;
    %subi 2, 0, 32;
    %part/s 1;
    %load/vec4 v0000018e43f0be90_0;
    %parti/s 1, 31, 6;
    %load/vec4 v0000018e43e12760_0;
    %parti/s 1, 0, 2;
    %xor;
    %load/vec4 v0000018e43f0be90_0;
    %parti/s 1, 30, 6;
    %load/vec4 v0000018e43e12760_0;
    %parti/s 1, 1, 2;
    %xor;
    %xor;
    %xor;
    %ix/getv/s 4, v0000018e43f067e0_0;
    %store/vec4 v0000018e43e863b0_0, 4, 1;
    %jmp T_0.24;
T_0.15 ;
    %load/vec4 v0000018e43f0be90_0;
    %load/vec4 v0000018e43f067e0_0;
    %subi 2, 0, 32;
    %part/s 1;
    %load/vec4 v0000018e43f0be90_0;
    %parti/s 1, 31, 6;
    %load/vec4 v0000018e43e12760_0;
    %parti/s 1, 0, 2;
    %xor;
    %load/vec4 v0000018e43f0be90_0;
    %parti/s 1, 30, 6;
    %load/vec4 v0000018e43e12760_0;
    %parti/s 1, 1, 2;
    %xor;
    %xor;
    %xor;
    %ix/getv/s 4, v0000018e43f067e0_0;
    %store/vec4 v0000018e43e863b0_0, 4, 1;
    %jmp T_0.24;
T_0.16 ;
    %load/vec4 v0000018e43f0be90_0;
    %load/vec4 v0000018e43f067e0_0;
    %subi 2, 0, 32;
    %part/s 1;
    %load/vec4 v0000018e43f0be90_0;
    %parti/s 1, 31, 6;
    %load/vec4 v0000018e43e12760_0;
    %parti/s 1, 0, 2;
    %xor;
    %xor;
    %ix/getv/s 4, v0000018e43f067e0_0;
    %store/vec4 v0000018e43e863b0_0, 4, 1;
    %jmp T_0.24;
T_0.17 ;
    %load/vec4 v0000018e43f0be90_0;
    %load/vec4 v0000018e43f067e0_0;
    %subi 2, 0, 32;
    %part/s 1;
    %load/vec4 v0000018e43f0be90_0;
    %parti/s 1, 31, 6;
    %load/vec4 v0000018e43e12760_0;
    %parti/s 1, 0, 2;
    %xor;
    %xor;
    %ix/getv/s 4, v0000018e43f067e0_0;
    %store/vec4 v0000018e43e863b0_0, 4, 1;
    %jmp T_0.24;
T_0.18 ;
    %load/vec4 v0000018e43f0be90_0;
    %load/vec4 v0000018e43f067e0_0;
    %subi 2, 0, 32;
    %part/s 1;
    %load/vec4 v0000018e43f0be90_0;
    %parti/s 1, 31, 6;
    %load/vec4 v0000018e43e12760_0;
    %parti/s 1, 0, 2;
    %xor;
    %xor;
    %ix/getv/s 4, v0000018e43f067e0_0;
    %store/vec4 v0000018e43e863b0_0, 4, 1;
    %jmp T_0.24;
T_0.19 ;
    %load/vec4 v0000018e43f0be90_0;
    %load/vec4 v0000018e43f067e0_0;
    %subi 2, 0, 32;
    %part/s 1;
    %load/vec4 v0000018e43f0be90_0;
    %parti/s 1, 31, 6;
    %load/vec4 v0000018e43e12760_0;
    %parti/s 1, 0, 2;
    %xor;
    %xor;
    %ix/getv/s 4, v0000018e43f067e0_0;
    %store/vec4 v0000018e43e863b0_0, 4, 1;
    %jmp T_0.24;
T_0.20 ;
    %load/vec4 v0000018e43f0be90_0;
    %load/vec4 v0000018e43f067e0_0;
    %subi 2, 0, 32;
    %part/s 1;
    %load/vec4 v0000018e43f0be90_0;
    %parti/s 1, 31, 6;
    %load/vec4 v0000018e43e12760_0;
    %parti/s 1, 0, 2;
    %xor;
    %xor;
    %ix/getv/s 4, v0000018e43f067e0_0;
    %store/vec4 v0000018e43e863b0_0, 4, 1;
    %jmp T_0.24;
T_0.21 ;
    %load/vec4 v0000018e43f0be90_0;
    %load/vec4 v0000018e43f067e0_0;
    %subi 2, 0, 32;
    %part/s 1;
    %load/vec4 v0000018e43f0be90_0;
    %parti/s 1, 31, 6;
    %load/vec4 v0000018e43e12760_0;
    %parti/s 1, 0, 2;
    %xor;
    %xor;
    %ix/getv/s 4, v0000018e43f067e0_0;
    %store/vec4 v0000018e43e863b0_0, 4, 1;
    %jmp T_0.24;
T_0.22 ;
    %load/vec4 v0000018e43f0be90_0;
    %load/vec4 v0000018e43f067e0_0;
    %subi 2, 0, 32;
    %part/s 1;
    %load/vec4 v0000018e43f0be90_0;
    %parti/s 1, 31, 6;
    %load/vec4 v0000018e43e12760_0;
    %parti/s 1, 0, 2;
    %xor;
    %xor;
    %ix/getv/s 4, v0000018e43f067e0_0;
    %store/vec4 v0000018e43e863b0_0, 4, 1;
    %jmp T_0.24;
T_0.24 ;
    %pop/vec4 1;
    %load/vec4 v0000018e43f067e0_0;
    %addi 1, 0, 32;
    %store/vec4 v0000018e43f067e0_0, 0, 32;
    %jmp T_0.0;
T_0.1 ;
    %jmp T_0;
    .thread T_0, $push;
    .scope S_0000018e43f065b0;
T_1 ;
    %wait E_0000018e43e2a5b0;
    %load/vec4 v0000018e43e7e030_0;
    %flag_set/vec4 8;
    %jmp/0xz  T_1.0, 8;
    %pushi/vec4 4294967295, 0, 32;
    %assign/vec4 v0000018e43f0be90_0, 0;
    %jmp T_1.1;
T_1.0 ;
    %load/vec4 v0000018e43e27dc0_0;
    %flag_set/vec4 8;
    %jmp/0 T_1.2, 8;
    %load/vec4 v0000018e43e863b0_0;
    %jmp/1 T_1.3, 8;
T_1.2 ; End of true expr.
    %load/vec4 v0000018e43f0be90_0;
    %jmp/0 T_1.3, 8;
 ; End of false expr.
    %blend;
T_1.3;
    %assign/vec4 v0000018e43f0be90_0, 0;
T_1.1 ;
    %jmp T_1;
    .thread T_1;
    .scope S_0000018e43f06420;
T_2 ;
    %wait E_0000018e43e2a5b0;
    %load/vec4 v0000018e43e86630_0;
    %flag_set/vec4 8;
    %jmp/0xz  T_2.0, 8;
    %pushi/vec4 0, 0, 1;
    %assign/vec4 v0000018e43e86270_0, 0;
    %pushi/vec4 0, 0, 1;
    %assign/vec4 v0000018e43e86950_0, 0;
    %pushi/vec4 0, 0, 1;
    %assign/vec4 v0000018e43e86b30_0, 0;
    %pushi/vec4 1, 0, 1;
    %assign/vec4 v0000018e43e861d0_0, 0;
    %jmp T_2.1;
T_2.0 ;
    %load/vec4 v0000018e43e86130_0;
    %flag_set/vec4 8;
    %jmp/0xz  T_2.2, 8;
    %load/vec4 v0000018e43e86b30_0;
    %nor/r;
    %flag_set/vec4 8;
    %jmp/0xz  T_2.4, 8;
    %pushi/vec4 1, 0, 1;
    %assign/vec4 v0000018e43e86b30_0, 0;
T_2.4 ;
    %pushi/vec4 0, 0, 1;
    %assign/vec4 v0000018e43e86270_0, 0;
    %pushi/vec4 0, 0, 1;
    %assign/vec4 v0000018e43e861d0_0, 0;
    %pushi/vec4 0, 0, 1;
    %assign/vec4 v0000018e43e86950_0, 0;
    %jmp T_2.3;
T_2.2 ;
    %load/vec4 v0000018e43e86b30_0;
    %flag_set/vec4 8;
    %jmp/0xz  T_2.6, 8;
    %pushi/vec4 1, 0, 1;
    %assign/vec4 v0000018e43e861d0_0, 0;
    %load/vec4 v0000018e43e86770_0;
    %cmpi/e 955982468, 0, 32;
    %jmp/0xz  T_2.8, 4;
    %pushi/vec4 1, 0, 1;
    %assign/vec4 v0000018e43e86270_0, 0;
    %pushi/vec4 0, 0, 1;
    %assign/vec4 v0000018e43e86950_0, 0;
    %jmp T_2.9;
T_2.8 ;
    %pushi/vec4 1, 0, 1;
    %assign/vec4 v0000018e43e86270_0, 0;
    %pushi/vec4 1, 0, 1;
    %assign/vec4 v0000018e43e86950_0, 0;
T_2.9 ;
T_2.6 ;
T_2.3 ;
T_2.1 ;
    %jmp T_2;
    .thread T_2;
    .scope S_0000018e43e27c30;
T_3 ;
    %pushi/vec4 2227365092, 0, 33;
    %concati/vec4 4064428164, 0, 32;
    %concati/vec4 3838493398, 0, 32;
    %concati/vec4 3435325160, 0, 32;
    %concati/vec4 2178000309, 0, 33;
    %concati/vec4 37, 0, 6;
    %store/vec4 v0000018e43e86db0_0, 0, 168;
    %pushi/vec4 440061106, 0, 32;
    %store/vec4 v0000018e43e87030_0, 0, 32;
    %pushi/vec4 2227365092, 0, 33;
    %concati/vec4 4064428164, 0, 32;
    %concati/vec4 3838493398, 0, 32;
    %concati/vec4 3435325160, 0, 32;
    %concati/vec4 2178000309, 0, 33;
    %concati/vec4 2489903922, 0, 32;
    %concati/vec4 50, 0, 6;
    %store/vec4 v0000018e43e869f0_0, 0, 200;
    %pushi/vec4 2227365092, 0, 33;
    %concati/vec4 4064428164, 0, 32;
    %concati/vec4 3838493398, 0, 32;
    %concati/vec4 3435325160, 0, 32;
    %concati/vec4 2178000309, 0, 33;
    %concati/vec4 2483027968, 0, 32;
    %concati/vec4 0, 0, 6;
    %store/vec4 v0000018e43e868b0_0, 0, 200;
    %end;
    .thread T_3, $init;
    .scope S_0000018e43e27c30;
T_4 ;
    %delay 10000, 0;
    %load/vec4 v0000018e43e86310_0;
    %nor/r;
    %store/vec4 v0000018e43e86310_0, 0, 1;
    %jmp T_4;
    .thread T_4;
    .scope S_0000018e43e27c30;
T_5 ;
    %vpi_call/w 3 26 "$dumpfile", "cksum.vcd" {0 0 0};
    %vpi_call/w 3 27 "$dumpvars", 32'sb00000000000000000000000000000000, S_0000018e43e27c30 {0 0 0};
    %vpi_call/w 3 28 "$display", "Starting Sim" {0 0 0};
    %pushi/vec4 0, 0, 1;
    %store/vec4 v0000018e43e86310_0, 0, 1;
    %pushi/vec4 0, 0, 1;
    %store/vec4 v0000018e43e86d10_0, 0, 1;
    %delay 20000, 0;
    %pushi/vec4 1, 0, 1;
    %store/vec4 v0000018e43e86d10_0, 0, 1;
    %delay 20000, 0;
    %pushi/vec4 0, 0, 1;
    %store/vec4 v0000018e43e86d10_0, 0, 1;
    %delay 10000, 0;
    %delay 20000, 0;
    %pushi/vec4 1, 0, 1;
    %store/vec4 v0000018e43e86c70_0, 0, 1;
    %fork t_1, S_0000018e43e198c0;
    %jmp t_0;
    .scope S_0000018e43e198c0;
t_1 ;
    %pushi/vec4 167, 0, 32;
    %store/vec4 v0000018e43e19be0_0, 0, 32;
T_5.0 ;
    %load/vec4 v0000018e43e19be0_0;
    %cmpi/s 0, 0, 32;
    %flag_or 5, 4; GT is !LE
    %flag_inv 5;
    %jmp/0xz T_5.1, 5;
    %load/vec4 v0000018e43e86db0_0;
    %load/vec4 v0000018e43e19be0_0;
    %pad/s 34;
    %subi 7, 0, 34;
    %part/s 8;
    %store/vec4 v0000018e43e86590_0, 0, 8;
    %vpi_call/w 3 56 "$display", "%b", v0000018e43e86590_0 {0 0 0};
    %fork t_3, S_0000018e43e19a50;
    %jmp t_2;
    .scope S_0000018e43e19a50;
t_3 ;
    %pushi/vec4 0, 0, 32;
    %store/vec4 v0000018e43e04560_0, 0, 32;
T_5.2 ;
    %load/vec4 v0000018e43e04560_0;
    %cmpi/s 7, 0, 32;
    %jmp/0xz T_5.3, 5;
    %load/vec4 v0000018e43e04560_0;
    %dup/vec4;
    %pushi/vec4 0, 0, 32;
    %cmp/u;
    %jmp/1 T_5.4, 6;
    %dup/vec4;
    %pushi/vec4 2, 0, 32;
    %cmp/u;
    %jmp/1 T_5.5, 6;
    %dup/vec4;
    %pushi/vec4 4, 0, 32;
    %cmp/u;
    %jmp/1 T_5.6, 6;
    %dup/vec4;
    %pushi/vec4 6, 0, 32;
    %cmp/u;
    %jmp/1 T_5.7, 6;
    %jmp T_5.9;
T_5.4 ;
    %load/vec4 v0000018e43e86590_0;
    %parti/s 2, 0, 2;
    %store/vec4 v0000018e43e86bd0_0, 0, 2;
    %jmp T_5.9;
T_5.5 ;
    %load/vec4 v0000018e43e86590_0;
    %parti/s 2, 2, 3;
    %store/vec4 v0000018e43e86bd0_0, 0, 2;
    %jmp T_5.9;
T_5.6 ;
    %load/vec4 v0000018e43e86590_0;
    %parti/s 2, 4, 4;
    %store/vec4 v0000018e43e86bd0_0, 0, 2;
    %jmp T_5.9;
T_5.7 ;
    %load/vec4 v0000018e43e86590_0;
    %parti/s 2, 6, 4;
    %store/vec4 v0000018e43e86bd0_0, 0, 2;
    %jmp T_5.9;
T_5.9 ;
    %pop/vec4 1;
    %vpi_call/w 3 65 "$display", "%b", v0000018e43e86bd0_0 {0 0 0};
    %delay 20000, 0;
    %load/vec4 v0000018e43e04560_0;
    %addi 2, 0, 32;
    %cast2;
    %store/vec4 v0000018e43e04560_0, 0, 32;
    %jmp T_5.2;
T_5.3 ;
    %end;
    .scope S_0000018e43e198c0;
t_2 %join;
    %vpi_call/w 3 68 "$display", "-----------------------" {0 0 0};
    %load/vec4 v0000018e43e19be0_0;
    %subi 8, 0, 32;
    %cast2;
    %store/vec4 v0000018e43e19be0_0, 0, 32;
    %jmp T_5.0;
T_5.1 ;
    %end;
    .scope S_0000018e43e27c30;
t_0 %join;
    %pushi/vec4 0, 0, 1;
    %store/vec4 v0000018e43e86c70_0, 0, 1;
    %delay 400000, 0;
    %pushi/vec4 1, 0, 1;
    %store/vec4 v0000018e43e86c70_0, 0, 1;
    %fork t_5, S_0000018e43e123a0;
    %jmp t_4;
    .scope S_0000018e43e123a0;
t_5 ;
    %pushi/vec4 199, 0, 32;
    %store/vec4 v0000018e43e126c0_0, 0, 32;
T_5.10 ;
    %load/vec4 v0000018e43e126c0_0;
    %cmpi/s 0, 0, 32;
    %flag_or 5, 4; GT is !LE
    %flag_inv 5;
    %jmp/0xz T_5.11, 5;
    %load/vec4 v0000018e43e868b0_0;
    %load/vec4 v0000018e43e126c0_0;
    %pad/s 34;
    %subi 7, 0, 34;
    %part/s 8;
    %store/vec4 v0000018e43e86590_0, 0, 8;
    %vpi_call/w 3 82 "$display", "%b", v0000018e43e86590_0 {0 0 0};
    %fork t_7, S_0000018e43e12530;
    %jmp t_6;
    .scope S_0000018e43e12530;
t_7 ;
    %pushi/vec4 0, 0, 32;
    %store/vec4 v0000018e43e19c80_0, 0, 32;
T_5.12 ;
    %load/vec4 v0000018e43e19c80_0;
    %cmpi/s 7, 0, 32;
    %jmp/0xz T_5.13, 5;
    %load/vec4 v0000018e43e19c80_0;
    %dup/vec4;
    %pushi/vec4 0, 0, 32;
    %cmp/u;
    %jmp/1 T_5.14, 6;
    %dup/vec4;
    %pushi/vec4 2, 0, 32;
    %cmp/u;
    %jmp/1 T_5.15, 6;
    %dup/vec4;
    %pushi/vec4 4, 0, 32;
    %cmp/u;
    %jmp/1 T_5.16, 6;
    %dup/vec4;
    %pushi/vec4 6, 0, 32;
    %cmp/u;
    %jmp/1 T_5.17, 6;
    %jmp T_5.19;
T_5.14 ;
    %load/vec4 v0000018e43e86590_0;
    %parti/s 2, 0, 2;
    %store/vec4 v0000018e43e86bd0_0, 0, 2;
    %jmp T_5.19;
T_5.15 ;
    %load/vec4 v0000018e43e86590_0;
    %parti/s 2, 2, 3;
    %store/vec4 v0000018e43e86bd0_0, 0, 2;
    %jmp T_5.19;
T_5.16 ;
    %load/vec4 v0000018e43e86590_0;
    %parti/s 2, 4, 4;
    %store/vec4 v0000018e43e86bd0_0, 0, 2;
    %jmp T_5.19;
T_5.17 ;
    %load/vec4 v0000018e43e86590_0;
    %parti/s 2, 6, 4;
    %store/vec4 v0000018e43e86bd0_0, 0, 2;
    %jmp T_5.19;
T_5.19 ;
    %pop/vec4 1;
    %vpi_call/w 3 91 "$display", "%b", v0000018e43e86bd0_0 {0 0 0};
    %delay 20000, 0;
    %load/vec4 v0000018e43e19c80_0;
    %addi 2, 0, 32;
    %cast2;
    %store/vec4 v0000018e43e19c80_0, 0, 32;
    %jmp T_5.12;
T_5.13 ;
    %end;
    .scope S_0000018e43e123a0;
t_6 %join;
    %vpi_call/w 3 94 "$display", "-----------------------" {0 0 0};
    %load/vec4 v0000018e43e126c0_0;
    %subi 8, 0, 32;
    %cast2;
    %store/vec4 v0000018e43e126c0_0, 0, 32;
    %jmp T_5.10;
T_5.11 ;
    %end;
    .scope S_0000018e43e27c30;
t_4 %join;
    %pushi/vec4 0, 0, 1;
    %store/vec4 v0000018e43e86c70_0, 0, 1;
    %delay 400000, 0;
    %vpi_call/w 3 102 "$display", "Finishing Sim" {0 0 0};
    %vpi_call/w 3 103 "$finish" {0 0 0};
    %end;
    .thread T_5;
# The file index is used to find the file name in the following table.
:file_names 6;
    "N/A";
    "<interactive>";
    "-";
    "sim/cksum_tb.sv";
    "src/cksum.sv";
    "src/crc32.sv";
