#! /mingw64/bin/vvp
:ivl_version "12.0 (devel)" "(s20150603-1391-gd480c4d7d)";
:ivl_delay_selection "TYPICAL";
:vpi_time_precision - 12;
:vpi_module "C:\msys64\mingw64\lib\ivl\system.vpi";
:vpi_module "C:\msys64\mingw64\lib\ivl\vhdl_sys.vpi";
:vpi_module "C:\msys64\mingw64\lib\ivl\vhdl_textio.vpi";
:vpi_module "C:\msys64\mingw64\lib\ivl\v2005_math.vpi";
:vpi_module "C:\msys64\mingw64\lib\ivl\va_math.vpi";
:vpi_module "C:\msys64\mingw64\lib\ivl\v2009.vpi";
S_0000029d2ba2d3c0 .scope package, "$unit" "$unit" 2 1;
 .timescale 0 0;
S_0000029d2ba03540 .scope module, "firewall_tb" "firewall_tb" 3 4;
 .timescale -9 -12;
v0000029d2baa48c0_0 .var "axiid", 1 0;
v0000029d2baa41e0_0 .var "axiiv", 0 0;
v0000029d2baa5220_0 .net "axiod", 1 0, L_0000029d2baa3920;  1 drivers
v0000029d2baa4960_0 .net "axiov", 0 0, L_0000029d2baa50e0;  1 drivers
v0000029d2baa3ba0_0 .var "clk", 0 0;
v0000029d2baa4a00_0 .var "data_address1", 47 0;
v0000029d2baa3a60_0 .var "data_address2", 47 0;
v0000029d2baa55e0_0 .var "data_address3", 47 0;
v0000029d2baa3ec0_0 .var "data_address4", 47 0;
v0000029d2baa4fa0_0 .var "fcs", 31 0;
v0000029d2baa3b00_0 .var "len", 15 0;
v0000029d2baa5400_0 .var "message", 31 0;
v0000029d2baa5040_0 .var "rst", 0 0;
v0000029d2baa4aa0_0 .var "segment", 7 0;
v0000029d2baa54a0_0 .var "src_address", 47 0;
S_0000029d2ba036d0 .scope begin, "$ivl_for_loop0" "$ivl_for_loop0" 3 46, 3 46 0, S_0000029d2ba03540;
 .timescale -9 -12;
v0000029d2b9a3c60_0 .var/2s "i", 31 0;
S_0000029d2b956420 .scope begin, "$ivl_for_loop1" "$ivl_for_loop1" 3 48, 3 48 0, S_0000029d2ba036d0;
 .timescale -9 -12;
v0000029d2b9a45a0_0 .var/2s "j", 31 0;
S_0000029d2b9565b0 .scope begin, "$ivl_for_loop10" "$ivl_for_loop10" 3 138, 3 138 0, S_0000029d2ba03540;
 .timescale -9 -12;
v0000029d2ba03900_0 .var/2s "i", 31 0;
S_0000029d2b956740 .scope begin, "$ivl_for_loop11" "$ivl_for_loop11" 3 140, 3 140 0, S_0000029d2b9565b0;
 .timescale -9 -12;
v0000029d2ba03860_0 .var/2s "j", 31 0;
S_0000029d2ba56f50 .scope begin, "$ivl_for_loop12" "$ivl_for_loop12" 3 154, 3 154 0, S_0000029d2ba03540;
 .timescale -9 -12;
v0000029d2ba57310_0 .var/2s "i", 31 0;
S_0000029d2ba570e0 .scope begin, "$ivl_for_loop13" "$ivl_for_loop13" 3 156, 3 156 0, S_0000029d2ba56f50;
 .timescale -9 -12;
v0000029d2ba57270_0 .var/2s "j", 31 0;
S_0000029d2ba573b0 .scope begin, "$ivl_for_loop14" "$ivl_for_loop14" 3 170, 3 170 0, S_0000029d2ba03540;
 .timescale -9 -12;
v0000029d2ba57ae0_0 .var/2s "i", 31 0;
S_0000029d2ba57540 .scope begin, "$ivl_for_loop15" "$ivl_for_loop15" 3 172, 3 172 0, S_0000029d2ba573b0;
 .timescale -9 -12;
v0000029d2ba576d0_0 .var/2s "j", 31 0;
S_0000029d2ba58780 .scope begin, "$ivl_for_loop16" "$ivl_for_loop16" 3 186, 3 186 0, S_0000029d2ba03540;
 .timescale -9 -12;
v0000029d2ba57a40_0 .var/2s "i", 31 0;
S_0000029d2ba58910 .scope begin, "$ivl_for_loop17" "$ivl_for_loop17" 3 188, 3 188 0, S_0000029d2ba58780;
 .timescale -9 -12;
v0000029d2ba584e0_0 .var/2s "j", 31 0;
S_0000029d2ba58aa0 .scope begin, "$ivl_for_loop18" "$ivl_for_loop18" 3 202, 3 202 0, S_0000029d2ba03540;
 .timescale -9 -12;
v0000029d2ba57fe0_0 .var/2s "i", 31 0;
S_0000029d2ba58c30 .scope begin, "$ivl_for_loop19" "$ivl_for_loop19" 3 204, 3 204 0, S_0000029d2ba58aa0;
 .timescale -9 -12;
v0000029d2ba58300_0 .var/2s "j", 31 0;
S_0000029d2baa26a0 .scope begin, "$ivl_for_loop2" "$ivl_for_loop2" 3 62, 3 62 0, S_0000029d2ba03540;
 .timescale -9 -12;
v0000029d2ba586c0_0 .var/2s "i", 31 0;
S_0000029d2baa2b50 .scope begin, "$ivl_for_loop3" "$ivl_for_loop3" 3 64, 3 64 0, S_0000029d2baa26a0;
 .timescale -9 -12;
v0000029d2ba581c0_0 .var/2s "j", 31 0;
S_0000029d2baa2ce0 .scope begin, "$ivl_for_loop20" "$ivl_for_loop20" 3 229, 3 229 0, S_0000029d2ba03540;
 .timescale -9 -12;
v0000029d2ba57b80_0 .var/2s "i", 31 0;
S_0000029d2baa2060 .scope begin, "$ivl_for_loop21" "$ivl_for_loop21" 3 231, 3 231 0, S_0000029d2baa2ce0;
 .timescale -9 -12;
v0000029d2ba57e00_0 .var/2s "j", 31 0;
S_0000029d2baa2e70 .scope begin, "$ivl_for_loop22" "$ivl_for_loop22" 3 245, 3 245 0, S_0000029d2ba03540;
 .timescale -9 -12;
v0000029d2ba58120_0 .var/2s "i", 31 0;
S_0000029d2baa2830 .scope begin, "$ivl_for_loop23" "$ivl_for_loop23" 3 247, 3 247 0, S_0000029d2baa2e70;
 .timescale -9 -12;
v0000029d2ba58580_0 .var/2s "j", 31 0;
S_0000029d2baa21f0 .scope begin, "$ivl_for_loop24" "$ivl_for_loop24" 3 261, 3 261 0, S_0000029d2ba03540;
 .timescale -9 -12;
v0000029d2ba57900_0 .var/2s "i", 31 0;
S_0000029d2baa2510 .scope begin, "$ivl_for_loop25" "$ivl_for_loop25" 3 263, 3 263 0, S_0000029d2baa21f0;
 .timescale -9 -12;
v0000029d2ba577c0_0 .var/2s "j", 31 0;
S_0000029d2baa2380 .scope begin, "$ivl_for_loop26" "$ivl_for_loop26" 3 277, 3 277 0, S_0000029d2ba03540;
 .timescale -9 -12;
v0000029d2ba57860_0 .var/2s "i", 31 0;
S_0000029d2baa29c0 .scope begin, "$ivl_for_loop27" "$ivl_for_loop27" 3 279, 3 279 0, S_0000029d2baa2380;
 .timescale -9 -12;
v0000029d2ba57c20_0 .var/2s "j", 31 0;
S_0000029d2ba5a260 .scope begin, "$ivl_for_loop28" "$ivl_for_loop28" 3 293, 3 293 0, S_0000029d2ba03540;
 .timescale -9 -12;
v0000029d2ba57d60_0 .var/2s "i", 31 0;
S_0000029d2ba5a0d0 .scope begin, "$ivl_for_loop29" "$ivl_for_loop29" 3 295, 3 295 0, S_0000029d2ba5a260;
 .timescale -9 -12;
v0000029d2ba57cc0_0 .var/2s "j", 31 0;
S_0000029d2ba59a90 .scope begin, "$ivl_for_loop30" "$ivl_for_loop30" 3 320, 3 320 0, S_0000029d2ba03540;
 .timescale -9 -12;
v0000029d2ba57ea0_0 .var/2s "i", 31 0;
S_0000029d2ba58e10 .scope begin, "$ivl_for_loop31" "$ivl_for_loop31" 3 322, 3 322 0, S_0000029d2ba59a90;
 .timescale -9 -12;
v0000029d2ba58260_0 .var/2s "j", 31 0;
S_0000029d2ba59900 .scope begin, "$ivl_for_loop32" "$ivl_for_loop32" 3 336, 3 336 0, S_0000029d2ba03540;
 .timescale -9 -12;
v0000029d2ba57f40_0 .var/2s "i", 31 0;
S_0000029d2ba5aa30 .scope begin, "$ivl_for_loop33" "$ivl_for_loop33" 3 338, 3 338 0, S_0000029d2ba59900;
 .timescale -9 -12;
v0000029d2ba579a0_0 .var/2s "j", 31 0;
S_0000029d2ba59770 .scope begin, "$ivl_for_loop34" "$ivl_for_loop34" 3 352, 3 352 0, S_0000029d2ba03540;
 .timescale -9 -12;
v0000029d2ba58620_0 .var/2s "i", 31 0;
S_0000029d2ba5abc0 .scope begin, "$ivl_for_loop35" "$ivl_for_loop35" 3 354, 3 354 0, S_0000029d2ba59770;
 .timescale -9 -12;
v0000029d2ba58440_0 .var/2s "j", 31 0;
S_0000029d2ba5a3f0 .scope begin, "$ivl_for_loop36" "$ivl_for_loop36" 3 368, 3 368 0, S_0000029d2ba03540;
 .timescale -9 -12;
v0000029d2ba583a0_0 .var/2s "i", 31 0;
S_0000029d2ba59c20 .scope begin, "$ivl_for_loop37" "$ivl_for_loop37" 3 370, 3 370 0, S_0000029d2ba5a3f0;
 .timescale -9 -12;
v0000029d2ba58080_0 .var/2s "j", 31 0;
S_0000029d2ba58fa0 .scope begin, "$ivl_for_loop38" "$ivl_for_loop38" 3 387, 3 387 0, S_0000029d2ba03540;
 .timescale -9 -12;
v0000029d2baa4000_0 .var/2s "i", 31 0;
S_0000029d2ba59130 .scope begin, "$ivl_for_loop39" "$ivl_for_loop39" 3 389, 3 389 0, S_0000029d2ba58fa0;
 .timescale -9 -12;
v0000029d2baa4460_0 .var/2s "j", 31 0;
S_0000029d2ba59f40 .scope begin, "$ivl_for_loop4" "$ivl_for_loop4" 3 78, 3 78 0, S_0000029d2ba03540;
 .timescale -9 -12;
v0000029d2baa4280_0 .var/2s "i", 31 0;
S_0000029d2ba59db0 .scope begin, "$ivl_for_loop5" "$ivl_for_loop5" 3 80, 3 80 0, S_0000029d2ba59f40;
 .timescale -9 -12;
v0000029d2baa5680_0 .var/2s "j", 31 0;
S_0000029d2ba5a580 .scope begin, "$ivl_for_loop6" "$ivl_for_loop6" 3 94, 3 94 0, S_0000029d2ba03540;
 .timescale -9 -12;
v0000029d2baa5720_0 .var/2s "i", 31 0;
S_0000029d2ba5a710 .scope begin, "$ivl_for_loop7" "$ivl_for_loop7" 3 96, 3 96 0, S_0000029d2ba5a580;
 .timescale -9 -12;
v0000029d2baa4c80_0 .var/2s "j", 31 0;
S_0000029d2ba5a8a0 .scope begin, "$ivl_for_loop8" "$ivl_for_loop8" 3 110, 3 110 0, S_0000029d2ba03540;
 .timescale -9 -12;
v0000029d2baa3e20_0 .var/2s "i", 31 0;
S_0000029d2ba59450 .scope begin, "$ivl_for_loop9" "$ivl_for_loop9" 3 112, 3 112 0, S_0000029d2ba5a8a0;
 .timescale -9 -12;
v0000029d2baa5360_0 .var/2s "j", 31 0;
S_0000029d2ba595e0 .scope module, "my_fw" "firewall" 3 12, 4 4 0, S_0000029d2ba03540;
 .timescale -9 -12;
    .port_info 0 /INPUT 1 "clk";
    .port_info 1 /INPUT 1 "rst";
    .port_info 2 /INPUT 1 "axiiv";
    .port_info 3 /INPUT 2 "axiid";
    .port_info 4 /OUTPUT 1 "axiov";
    .port_info 5 /OUTPUT 2 "axiod";
L_0000029d2ba07f90 .functor AND 1, v0000029d2baa45a0_0, L_0000029d2baa4b40, C4<1>, C4<1>;
L_0000029d2ba08e70 .functor AND 1, v0000029d2baa45a0_0, L_0000029d2baa5540, C4<1>, C4<1>;
v0000029d2baa4640_0 .var "MAC_ADDRESS1", 47 0;
v0000029d2baa4be0_0 .var "MAC_ADDRESS2", 47 0;
L_0000029d2baa5958 .functor BUFT 1, C4<00000000000000000000000000111000>, C4<0>, C4<0>, C4<0>;
v0000029d2baa4820_0 .net/2u *"_ivl_0", 31 0, L_0000029d2baa5958;  1 drivers
L_0000029d2baa59e8 .functor BUFT 1, C4<00000000000000000000000000111000>, C4<0>, C4<0>, C4<0>;
v0000029d2baa40a0_0 .net/2u *"_ivl_10", 31 0, L_0000029d2baa59e8;  1 drivers
v0000029d2baa4140_0 .net *"_ivl_12", 0 0, L_0000029d2baa5540;  1 drivers
v0000029d2baa52c0_0 .net *"_ivl_15", 0 0, L_0000029d2ba08e70;  1 drivers
L_0000029d2baa5a30 .functor BUFT 1, C4<00>, C4<0>, C4<0>, C4<0>;
v0000029d2baa4dc0_0 .net/2u *"_ivl_16", 1 0, L_0000029d2baa5a30;  1 drivers
v0000029d2baa4d20_0 .net *"_ivl_2", 0 0, L_0000029d2baa4b40;  1 drivers
v0000029d2baa46e0_0 .net *"_ivl_5", 0 0, L_0000029d2ba07f90;  1 drivers
L_0000029d2baa59a0 .functor BUFT 1, C4<0>, C4<0>, C4<0>, C4<0>;
v0000029d2baa4320_0 .net/2u *"_ivl_6", 0 0, L_0000029d2baa59a0;  1 drivers
v0000029d2baa3880_0 .var "address", 47 0;
v0000029d2baa43c0_0 .net "axiid", 1 0, v0000029d2baa48c0_0;  1 drivers
v0000029d2baa5180_0 .net "axiiv", 0 0, v0000029d2baa41e0_0;  1 drivers
v0000029d2baa4f00_0 .net "axiod", 1 0, L_0000029d2baa3920;  alias, 1 drivers
v0000029d2baa4e60_0 .net "axiov", 0 0, L_0000029d2baa50e0;  alias, 1 drivers
v0000029d2baa3f60_0 .net "clk", 0 0, v0000029d2baa3ba0_0;  1 drivers
v0000029d2baa4500_0 .var "counter", 31 0;
v0000029d2baa45a0_0 .var "flag", 0 0;
v0000029d2baa4780_0 .net "rst", 0 0, v0000029d2baa5040_0;  1 drivers
E_0000029d2ba30090 .event posedge, v0000029d2baa3f60_0;
L_0000029d2baa4b40 .cmp/ge 32, v0000029d2baa4500_0, L_0000029d2baa5958;
L_0000029d2baa50e0 .functor MUXZ 1, L_0000029d2baa59a0, v0000029d2baa41e0_0, L_0000029d2ba07f90, C4<>;
L_0000029d2baa5540 .cmp/ge 32, v0000029d2baa4500_0, L_0000029d2baa59e8;
L_0000029d2baa3920 .functor MUXZ 2, L_0000029d2baa5a30, v0000029d2baa48c0_0, L_0000029d2ba08e70, C4<>;
    .scope S_0000029d2ba595e0;
T_0 ;
    %pushi/vec4 3537024012, 0, 33;
    %concati/vec4 21649, 0, 15;
    %store/vec4 v0000029d2baa4640_0, 0, 48;
    %pushi/vec4 4294967295, 0, 32;
    %concati/vec4 65535, 0, 16;
    %store/vec4 v0000029d2baa4be0_0, 0, 48;
    %pushi/vec4 0, 0, 48;
    %store/vec4 v0000029d2baa3880_0, 0, 48;
    %end;
    .thread T_0, $init;
    .scope S_0000029d2ba595e0;
T_1 ;
    %wait E_0000029d2ba30090;
    %load/vec4 v0000029d2baa4780_0;
    %flag_set/vec4 8;
    %jmp/0xz  T_1.0, 8;
    %pushi/vec4 0, 0, 32;
    %assign/vec4 v0000029d2baa4500_0, 0;
    %pushi/vec4 0, 0, 1;
    %assign/vec4 v0000029d2baa45a0_0, 0;
    %jmp T_1.1;
T_1.0 ;
    %load/vec4 v0000029d2baa5180_0;
    %flag_set/vec4 8;
    %jmp/0xz  T_1.2, 8;
    %load/vec4 v0000029d2baa4500_0;
    %addi 1, 0, 32;
    %assign/vec4 v0000029d2baa4500_0, 0;
    %load/vec4 v0000029d2baa4500_0;
    %cmpi/u 23, 0, 32;
    %jmp/0xz  T_1.4, 5;
    %load/vec4 v0000029d2baa3880_0;
    %parti/s 46, 0, 2;
    %load/vec4 v0000029d2baa43c0_0;
    %concat/vec4; draw_concat_vec4
    %assign/vec4 v0000029d2baa3880_0, 0;
    %jmp T_1.5;
T_1.4 ;
    %load/vec4 v0000029d2baa4500_0;
    %cmpi/u 48, 0, 32;
    %jmp/0xz  T_1.6, 5;
    %load/vec4 v0000029d2baa4500_0;
    %cmpi/e 23, 0, 32;
    %jmp/0xz  T_1.8, 4;
    %load/vec4 v0000029d2baa3880_0;
    %parti/s 46, 0, 2;
    %load/vec4 v0000029d2baa43c0_0;
    %concat/vec4; draw_concat_vec4
    %load/vec4 v0000029d2baa4640_0;
    %cmp/e;
    %jmp/1 T_1.12, 4;
    %flag_mov 8, 4;
    %load/vec4 v0000029d2baa3880_0;
    %parti/s 46, 0, 2;
    %load/vec4 v0000029d2baa43c0_0;
    %concat/vec4; draw_concat_vec4
    %load/vec4 v0000029d2baa4be0_0;
    %cmp/e;
    %flag_or 4, 8;
T_1.12;
    %jmp/0xz  T_1.10, 4;
    %pushi/vec4 1, 0, 1;
    %assign/vec4 v0000029d2baa45a0_0, 0;
T_1.10 ;
T_1.8 ;
    %load/vec4 v0000029d2baa4500_0;
    %cmpi/e 24, 0, 32;
    %jmp/0xz  T_1.13, 4;
    %load/vec4 v0000029d2baa3880_0;
    %load/vec4 v0000029d2baa4640_0;
    %cmp/e;
    %jmp/1 T_1.17, 4;
    %flag_mov 8, 4;
    %load/vec4 v0000029d2baa3880_0;
    %load/vec4 v0000029d2baa4be0_0;
    %cmp/e;
    %flag_or 4, 8;
T_1.17;
    %jmp/0xz  T_1.15, 4;
    %pushi/vec4 1, 0, 1;
    %assign/vec4 v0000029d2baa45a0_0, 0;
T_1.15 ;
T_1.13 ;
T_1.6 ;
T_1.5 ;
    %jmp T_1.3;
T_1.2 ;
    %pushi/vec4 0, 0, 48;
    %assign/vec4 v0000029d2baa3880_0, 0;
    %pushi/vec4 0, 0, 1;
    %assign/vec4 v0000029d2baa45a0_0, 0;
    %pushi/vec4 0, 0, 32;
    %assign/vec4 v0000029d2baa4500_0, 0;
T_1.3 ;
T_1.1 ;
    %jmp T_1;
    .thread T_1;
    .scope S_0000029d2ba03540;
T_2 ;
    %pushi/vec4 2788560488, 0, 34;
    %concati/vec4 8610, 0, 14;
    %store/vec4 v0000029d2baa4a00_0, 0, 48;
    %pushi/vec4 3537024012, 0, 33;
    %concati/vec4 21648, 0, 15;
    %store/vec4 v0000029d2baa3a60_0, 0, 48;
    %pushi/vec4 3537024044, 0, 33;
    %concati/vec4 21649, 0, 15;
    %store/vec4 v0000029d2baa55e0_0, 0, 48;
    %pushi/vec4 3537024012, 0, 33;
    %concati/vec4 21649, 0, 15;
    %store/vec4 v0000029d2baa3ec0_0, 0, 48;
    %pushi/vec4 4294967295, 0, 32;
    %concati/vec4 65535, 0, 16;
    %store/vec4 v0000029d2baa54a0_0, 0, 48;
    %pushi/vec4 32, 0, 16;
    %store/vec4 v0000029d2baa3b00_0, 0, 16;
    %pushi/vec4 4660, 0, 32;
    %store/vec4 v0000029d2baa5400_0, 0, 32;
    %pushi/vec4 3421780262, 0, 32;
    %store/vec4 v0000029d2baa4fa0_0, 0, 32;
    %end;
    .thread T_2, $init;
    .scope S_0000029d2ba03540;
T_3 ;
    %delay 10000, 0;
    %load/vec4 v0000029d2baa3ba0_0;
    %nor/r;
    %store/vec4 v0000029d2baa3ba0_0, 0, 1;
    %jmp T_3;
    .thread T_3;
    .scope S_0000029d2ba03540;
T_4 ;
    %vpi_call/w 3 31 "$dumpfile", "firewall.vcd" {0 0 0};
    %vpi_call/w 3 32 "$dumpvars", 32'sb00000000000000000000000000000000, S_0000029d2ba03540 {0 0 0};
    %vpi_call/w 3 33 "$display", "Starting Sim" {0 0 0};
    %pushi/vec4 0, 0, 1;
    %store/vec4 v0000029d2baa3ba0_0, 0, 1;
    %pushi/vec4 0, 0, 1;
    %store/vec4 v0000029d2baa5040_0, 0, 1;
    %delay 20000, 0;
    %pushi/vec4 1, 0, 1;
    %store/vec4 v0000029d2baa5040_0, 0, 1;
    %delay 20000, 0;
    %pushi/vec4 0, 0, 1;
    %store/vec4 v0000029d2baa5040_0, 0, 1;
    %delay 20000, 0;
    %pushi/vec4 1, 0, 1;
    %store/vec4 v0000029d2baa41e0_0, 0, 1;
    %fork t_1, S_0000029d2ba036d0;
    %jmp t_0;
    .scope S_0000029d2ba036d0;
t_1 ;
    %pushi/vec4 47, 0, 32;
    %store/vec4 v0000029d2b9a3c60_0, 0, 32;
T_4.0 ;
    %load/vec4 v0000029d2b9a3c60_0;
    %cmpi/s 0, 0, 32;
    %flag_or 5, 4; GT is !LE
    %flag_inv 5;
    %jmp/0xz T_4.1, 5;
    %load/vec4 v0000029d2baa4a00_0;
    %load/vec4 v0000029d2b9a3c60_0;
    %pad/s 34;
    %subi 7, 0, 34;
    %part/s 8;
    %store/vec4 v0000029d2baa4aa0_0, 0, 8;
    %fork t_3, S_0000029d2b956420;
    %jmp t_2;
    .scope S_0000029d2b956420;
t_3 ;
    %pushi/vec4 7, 0, 32;
    %store/vec4 v0000029d2b9a45a0_0, 0, 32;
T_4.2 ;
    %load/vec4 v0000029d2b9a45a0_0;
    %cmpi/s 0, 0, 32;
    %flag_or 5, 4; GT is !LE
    %flag_inv 5;
    %jmp/0xz T_4.3, 5;
    %load/vec4 v0000029d2b9a45a0_0;
    %dup/vec4;
    %pushi/vec4 7, 0, 32;
    %cmp/u;
    %jmp/1 T_4.4, 6;
    %dup/vec4;
    %pushi/vec4 5, 0, 32;
    %cmp/u;
    %jmp/1 T_4.5, 6;
    %dup/vec4;
    %pushi/vec4 3, 0, 32;
    %cmp/u;
    %jmp/1 T_4.6, 6;
    %dup/vec4;
    %pushi/vec4 1, 0, 32;
    %cmp/u;
    %jmp/1 T_4.7, 6;
    %jmp T_4.9;
T_4.4 ;
    %load/vec4 v0000029d2baa4aa0_0;
    %parti/s 2, 6, 4;
    %store/vec4 v0000029d2baa48c0_0, 0, 2;
    %jmp T_4.9;
T_4.5 ;
    %load/vec4 v0000029d2baa4aa0_0;
    %parti/s 2, 4, 4;
    %store/vec4 v0000029d2baa48c0_0, 0, 2;
    %jmp T_4.9;
T_4.6 ;
    %load/vec4 v0000029d2baa4aa0_0;
    %parti/s 2, 2, 3;
    %store/vec4 v0000029d2baa48c0_0, 0, 2;
    %jmp T_4.9;
T_4.7 ;
    %load/vec4 v0000029d2baa4aa0_0;
    %parti/s 2, 0, 2;
    %store/vec4 v0000029d2baa48c0_0, 0, 2;
    %jmp T_4.9;
T_4.9 ;
    %pop/vec4 1;
    %load/vec4 v0000029d2baa4960_0;
    %cmpi/e 1, 0, 1;
    %jmp/0xz  T_4.10, 4;
    %vpi_call/w 3 57 "$display", "axiov != 0" {0 0 0};
T_4.10 ;
    %delay 20000, 0;
    %load/vec4 v0000029d2b9a45a0_0;
    %subi 2, 0, 32;
    %cast2;
    %store/vec4 v0000029d2b9a45a0_0, 0, 32;
    %jmp T_4.2;
T_4.3 ;
    %end;
    .scope S_0000029d2ba036d0;
t_2 %join;
    %load/vec4 v0000029d2b9a3c60_0;
    %subi 8, 0, 32;
    %cast2;
    %store/vec4 v0000029d2b9a3c60_0, 0, 32;
    %jmp T_4.0;
T_4.1 ;
    %end;
    .scope S_0000029d2ba03540;
t_0 %join;
    %fork t_5, S_0000029d2baa26a0;
    %jmp t_4;
    .scope S_0000029d2baa26a0;
t_5 ;
    %pushi/vec4 47, 0, 32;
    %store/vec4 v0000029d2ba586c0_0, 0, 32;
T_4.12 ;
    %load/vec4 v0000029d2ba586c0_0;
    %cmpi/s 0, 0, 32;
    %flag_or 5, 4; GT is !LE
    %flag_inv 5;
    %jmp/0xz T_4.13, 5;
    %load/vec4 v0000029d2baa54a0_0;
    %load/vec4 v0000029d2ba586c0_0;
    %pad/s 34;
    %subi 7, 0, 34;
    %part/s 8;
    %store/vec4 v0000029d2baa4aa0_0, 0, 8;
    %fork t_7, S_0000029d2baa2b50;
    %jmp t_6;
    .scope S_0000029d2baa2b50;
t_7 ;
    %pushi/vec4 7, 0, 32;
    %store/vec4 v0000029d2ba581c0_0, 0, 32;
T_4.14 ;
    %load/vec4 v0000029d2ba581c0_0;
    %cmpi/s 0, 0, 32;
    %flag_or 5, 4; GT is !LE
    %flag_inv 5;
    %jmp/0xz T_4.15, 5;
    %load/vec4 v0000029d2ba581c0_0;
    %dup/vec4;
    %pushi/vec4 7, 0, 32;
    %cmp/u;
    %jmp/1 T_4.16, 6;
    %dup/vec4;
    %pushi/vec4 5, 0, 32;
    %cmp/u;
    %jmp/1 T_4.17, 6;
    %dup/vec4;
    %pushi/vec4 3, 0, 32;
    %cmp/u;
    %jmp/1 T_4.18, 6;
    %dup/vec4;
    %pushi/vec4 1, 0, 32;
    %cmp/u;
    %jmp/1 T_4.19, 6;
    %jmp T_4.21;
T_4.16 ;
    %load/vec4 v0000029d2baa4aa0_0;
    %parti/s 2, 6, 4;
    %store/vec4 v0000029d2baa48c0_0, 0, 2;
    %jmp T_4.21;
T_4.17 ;
    %load/vec4 v0000029d2baa4aa0_0;
    %parti/s 2, 4, 4;
    %store/vec4 v0000029d2baa48c0_0, 0, 2;
    %jmp T_4.21;
T_4.18 ;
    %load/vec4 v0000029d2baa4aa0_0;
    %parti/s 2, 2, 3;
    %store/vec4 v0000029d2baa48c0_0, 0, 2;
    %jmp T_4.21;
T_4.19 ;
    %load/vec4 v0000029d2baa4aa0_0;
    %parti/s 2, 0, 2;
    %store/vec4 v0000029d2baa48c0_0, 0, 2;
    %jmp T_4.21;
T_4.21 ;
    %pop/vec4 1;
    %load/vec4 v0000029d2baa4960_0;
    %cmpi/e 1, 0, 1;
    %jmp/0xz  T_4.22, 4;
    %vpi_call/w 3 73 "$display", "axiov != 0" {0 0 0};
T_4.22 ;
    %delay 20000, 0;
    %load/vec4 v0000029d2ba581c0_0;
    %subi 2, 0, 32;
    %cast2;
    %store/vec4 v0000029d2ba581c0_0, 0, 32;
    %jmp T_4.14;
T_4.15 ;
    %end;
    .scope S_0000029d2baa26a0;
t_6 %join;
    %load/vec4 v0000029d2ba586c0_0;
    %subi 8, 0, 32;
    %cast2;
    %store/vec4 v0000029d2ba586c0_0, 0, 32;
    %jmp T_4.12;
T_4.13 ;
    %end;
    .scope S_0000029d2ba03540;
t_4 %join;
    %fork t_9, S_0000029d2ba59f40;
    %jmp t_8;
    .scope S_0000029d2ba59f40;
t_9 ;
    %pushi/vec4 15, 0, 32;
    %store/vec4 v0000029d2baa4280_0, 0, 32;
T_4.24 ;
    %load/vec4 v0000029d2baa4280_0;
    %cmpi/s 0, 0, 32;
    %flag_or 5, 4; GT is !LE
    %flag_inv 5;
    %jmp/0xz T_4.25, 5;
    %load/vec4 v0000029d2baa3b00_0;
    %load/vec4 v0000029d2baa4280_0;
    %pad/s 34;
    %subi 7, 0, 34;
    %part/s 8;
    %store/vec4 v0000029d2baa4aa0_0, 0, 8;
    %fork t_11, S_0000029d2ba59db0;
    %jmp t_10;
    .scope S_0000029d2ba59db0;
t_11 ;
    %pushi/vec4 7, 0, 32;
    %store/vec4 v0000029d2baa5680_0, 0, 32;
T_4.26 ;
    %load/vec4 v0000029d2baa5680_0;
    %cmpi/s 0, 0, 32;
    %flag_or 5, 4; GT is !LE
    %flag_inv 5;
    %jmp/0xz T_4.27, 5;
    %load/vec4 v0000029d2baa5680_0;
    %dup/vec4;
    %pushi/vec4 7, 0, 32;
    %cmp/u;
    %jmp/1 T_4.28, 6;
    %dup/vec4;
    %pushi/vec4 5, 0, 32;
    %cmp/u;
    %jmp/1 T_4.29, 6;
    %dup/vec4;
    %pushi/vec4 3, 0, 32;
    %cmp/u;
    %jmp/1 T_4.30, 6;
    %dup/vec4;
    %pushi/vec4 1, 0, 32;
    %cmp/u;
    %jmp/1 T_4.31, 6;
    %jmp T_4.33;
T_4.28 ;
    %load/vec4 v0000029d2baa4aa0_0;
    %parti/s 2, 6, 4;
    %store/vec4 v0000029d2baa48c0_0, 0, 2;
    %jmp T_4.33;
T_4.29 ;
    %load/vec4 v0000029d2baa4aa0_0;
    %parti/s 2, 4, 4;
    %store/vec4 v0000029d2baa48c0_0, 0, 2;
    %jmp T_4.33;
T_4.30 ;
    %load/vec4 v0000029d2baa4aa0_0;
    %parti/s 2, 2, 3;
    %store/vec4 v0000029d2baa48c0_0, 0, 2;
    %jmp T_4.33;
T_4.31 ;
    %load/vec4 v0000029d2baa4aa0_0;
    %parti/s 2, 0, 2;
    %store/vec4 v0000029d2baa48c0_0, 0, 2;
    %jmp T_4.33;
T_4.33 ;
    %pop/vec4 1;
    %load/vec4 v0000029d2baa4960_0;
    %cmpi/e 1, 0, 1;
    %jmp/0xz  T_4.34, 4;
    %vpi_call/w 3 89 "$display", "axiov != 0" {0 0 0};
T_4.34 ;
    %delay 20000, 0;
    %load/vec4 v0000029d2baa5680_0;
    %subi 2, 0, 32;
    %cast2;
    %store/vec4 v0000029d2baa5680_0, 0, 32;
    %jmp T_4.26;
T_4.27 ;
    %end;
    .scope S_0000029d2ba59f40;
t_10 %join;
    %load/vec4 v0000029d2baa4280_0;
    %subi 8, 0, 32;
    %cast2;
    %store/vec4 v0000029d2baa4280_0, 0, 32;
    %jmp T_4.24;
T_4.25 ;
    %end;
    .scope S_0000029d2ba03540;
t_8 %join;
    %fork t_13, S_0000029d2ba5a580;
    %jmp t_12;
    .scope S_0000029d2ba5a580;
t_13 ;
    %pushi/vec4 31, 0, 32;
    %store/vec4 v0000029d2baa5720_0, 0, 32;
T_4.36 ;
    %load/vec4 v0000029d2baa5720_0;
    %cmpi/s 0, 0, 32;
    %flag_or 5, 4; GT is !LE
    %flag_inv 5;
    %jmp/0xz T_4.37, 5;
    %load/vec4 v0000029d2baa5400_0;
    %load/vec4 v0000029d2baa5720_0;
    %pad/s 34;
    %subi 7, 0, 34;
    %part/s 8;
    %store/vec4 v0000029d2baa4aa0_0, 0, 8;
    %fork t_15, S_0000029d2ba5a710;
    %jmp t_14;
    .scope S_0000029d2ba5a710;
t_15 ;
    %pushi/vec4 7, 0, 32;
    %store/vec4 v0000029d2baa4c80_0, 0, 32;
T_4.38 ;
    %load/vec4 v0000029d2baa4c80_0;
    %cmpi/s 0, 0, 32;
    %flag_or 5, 4; GT is !LE
    %flag_inv 5;
    %jmp/0xz T_4.39, 5;
    %load/vec4 v0000029d2baa4c80_0;
    %dup/vec4;
    %pushi/vec4 7, 0, 32;
    %cmp/u;
    %jmp/1 T_4.40, 6;
    %dup/vec4;
    %pushi/vec4 5, 0, 32;
    %cmp/u;
    %jmp/1 T_4.41, 6;
    %dup/vec4;
    %pushi/vec4 3, 0, 32;
    %cmp/u;
    %jmp/1 T_4.42, 6;
    %dup/vec4;
    %pushi/vec4 1, 0, 32;
    %cmp/u;
    %jmp/1 T_4.43, 6;
    %jmp T_4.45;
T_4.40 ;
    %load/vec4 v0000029d2baa4aa0_0;
    %parti/s 2, 6, 4;
    %store/vec4 v0000029d2baa48c0_0, 0, 2;
    %jmp T_4.45;
T_4.41 ;
    %load/vec4 v0000029d2baa4aa0_0;
    %parti/s 2, 4, 4;
    %store/vec4 v0000029d2baa48c0_0, 0, 2;
    %jmp T_4.45;
T_4.42 ;
    %load/vec4 v0000029d2baa4aa0_0;
    %parti/s 2, 2, 3;
    %store/vec4 v0000029d2baa48c0_0, 0, 2;
    %jmp T_4.45;
T_4.43 ;
    %load/vec4 v0000029d2baa4aa0_0;
    %parti/s 2, 0, 2;
    %store/vec4 v0000029d2baa48c0_0, 0, 2;
    %jmp T_4.45;
T_4.45 ;
    %pop/vec4 1;
    %load/vec4 v0000029d2baa4960_0;
    %cmpi/e 1, 0, 1;
    %jmp/0xz  T_4.46, 4;
    %vpi_call/w 3 105 "$display", "axiov != 0" {0 0 0};
T_4.46 ;
    %delay 20000, 0;
    %load/vec4 v0000029d2baa4c80_0;
    %subi 2, 0, 32;
    %cast2;
    %store/vec4 v0000029d2baa4c80_0, 0, 32;
    %jmp T_4.38;
T_4.39 ;
    %end;
    .scope S_0000029d2ba5a580;
t_14 %join;
    %load/vec4 v0000029d2baa5720_0;
    %subi 8, 0, 32;
    %cast2;
    %store/vec4 v0000029d2baa5720_0, 0, 32;
    %jmp T_4.36;
T_4.37 ;
    %end;
    .scope S_0000029d2ba03540;
t_12 %join;
    %fork t_17, S_0000029d2ba5a8a0;
    %jmp t_16;
    .scope S_0000029d2ba5a8a0;
t_17 ;
    %pushi/vec4 31, 0, 32;
    %store/vec4 v0000029d2baa3e20_0, 0, 32;
T_4.48 ;
    %load/vec4 v0000029d2baa3e20_0;
    %cmpi/s 0, 0, 32;
    %flag_or 5, 4; GT is !LE
    %flag_inv 5;
    %jmp/0xz T_4.49, 5;
    %load/vec4 v0000029d2baa4fa0_0;
    %load/vec4 v0000029d2baa3e20_0;
    %pad/s 34;
    %subi 7, 0, 34;
    %part/s 8;
    %store/vec4 v0000029d2baa4aa0_0, 0, 8;
    %fork t_19, S_0000029d2ba59450;
    %jmp t_18;
    .scope S_0000029d2ba59450;
t_19 ;
    %pushi/vec4 7, 0, 32;
    %store/vec4 v0000029d2baa5360_0, 0, 32;
T_4.50 ;
    %load/vec4 v0000029d2baa5360_0;
    %cmpi/s 0, 0, 32;
    %flag_or 5, 4; GT is !LE
    %flag_inv 5;
    %jmp/0xz T_4.51, 5;
    %load/vec4 v0000029d2baa5360_0;
    %dup/vec4;
    %pushi/vec4 7, 0, 32;
    %cmp/u;
    %jmp/1 T_4.52, 6;
    %dup/vec4;
    %pushi/vec4 5, 0, 32;
    %cmp/u;
    %jmp/1 T_4.53, 6;
    %dup/vec4;
    %pushi/vec4 3, 0, 32;
    %cmp/u;
    %jmp/1 T_4.54, 6;
    %dup/vec4;
    %pushi/vec4 1, 0, 32;
    %cmp/u;
    %jmp/1 T_4.55, 6;
    %jmp T_4.57;
T_4.52 ;
    %load/vec4 v0000029d2baa4aa0_0;
    %parti/s 2, 6, 4;
    %store/vec4 v0000029d2baa48c0_0, 0, 2;
    %jmp T_4.57;
T_4.53 ;
    %load/vec4 v0000029d2baa4aa0_0;
    %parti/s 2, 4, 4;
    %store/vec4 v0000029d2baa48c0_0, 0, 2;
    %jmp T_4.57;
T_4.54 ;
    %load/vec4 v0000029d2baa4aa0_0;
    %parti/s 2, 2, 3;
    %store/vec4 v0000029d2baa48c0_0, 0, 2;
    %jmp T_4.57;
T_4.55 ;
    %load/vec4 v0000029d2baa4aa0_0;
    %parti/s 2, 0, 2;
    %store/vec4 v0000029d2baa48c0_0, 0, 2;
    %jmp T_4.57;
T_4.57 ;
    %pop/vec4 1;
    %load/vec4 v0000029d2baa4960_0;
    %cmpi/e 1, 0, 1;
    %jmp/0xz  T_4.58, 4;
    %vpi_call/w 3 121 "$display", "axiov != 0" {0 0 0};
T_4.58 ;
    %delay 20000, 0;
    %load/vec4 v0000029d2baa5360_0;
    %subi 2, 0, 32;
    %cast2;
    %store/vec4 v0000029d2baa5360_0, 0, 32;
    %jmp T_4.50;
T_4.51 ;
    %end;
    .scope S_0000029d2ba5a8a0;
t_18 %join;
    %load/vec4 v0000029d2baa3e20_0;
    %subi 8, 0, 32;
    %cast2;
    %store/vec4 v0000029d2baa3e20_0, 0, 32;
    %jmp T_4.48;
T_4.49 ;
    %end;
    .scope S_0000029d2ba03540;
t_16 %join;
    %pushi/vec4 0, 0, 1;
    %store/vec4 v0000029d2baa41e0_0, 0, 1;
    %vpi_call/w 3 127 "$display", "PASSED TEST 1!" {0 0 0};
    %delay 400000, 0;
    %delay 20000, 0;
    %pushi/vec4 1, 0, 1;
    %store/vec4 v0000029d2baa41e0_0, 0, 1;
    %fork t_21, S_0000029d2b9565b0;
    %jmp t_20;
    .scope S_0000029d2b9565b0;
t_21 ;
    %pushi/vec4 47, 0, 32;
    %store/vec4 v0000029d2ba03900_0, 0, 32;
T_4.60 ;
    %load/vec4 v0000029d2ba03900_0;
    %cmpi/s 0, 0, 32;
    %flag_or 5, 4; GT is !LE
    %flag_inv 5;
    %jmp/0xz T_4.61, 5;
    %load/vec4 v0000029d2baa3a60_0;
    %load/vec4 v0000029d2ba03900_0;
    %pad/s 34;
    %subi 7, 0, 34;
    %part/s 8;
    %store/vec4 v0000029d2baa4aa0_0, 0, 8;
    %fork t_23, S_0000029d2b956740;
    %jmp t_22;
    .scope S_0000029d2b956740;
t_23 ;
    %pushi/vec4 7, 0, 32;
    %store/vec4 v0000029d2ba03860_0, 0, 32;
T_4.62 ;
    %load/vec4 v0000029d2ba03860_0;
    %cmpi/s 0, 0, 32;
    %flag_or 5, 4; GT is !LE
    %flag_inv 5;
    %jmp/0xz T_4.63, 5;
    %load/vec4 v0000029d2ba03860_0;
    %dup/vec4;
    %pushi/vec4 7, 0, 32;
    %cmp/u;
    %jmp/1 T_4.64, 6;
    %dup/vec4;
    %pushi/vec4 5, 0, 32;
    %cmp/u;
    %jmp/1 T_4.65, 6;
    %dup/vec4;
    %pushi/vec4 3, 0, 32;
    %cmp/u;
    %jmp/1 T_4.66, 6;
    %dup/vec4;
    %pushi/vec4 1, 0, 32;
    %cmp/u;
    %jmp/1 T_4.67, 6;
    %jmp T_4.69;
T_4.64 ;
    %load/vec4 v0000029d2baa4aa0_0;
    %parti/s 2, 6, 4;
    %store/vec4 v0000029d2baa48c0_0, 0, 2;
    %jmp T_4.69;
T_4.65 ;
    %load/vec4 v0000029d2baa4aa0_0;
    %parti/s 2, 4, 4;
    %store/vec4 v0000029d2baa48c0_0, 0, 2;
    %jmp T_4.69;
T_4.66 ;
    %load/vec4 v0000029d2baa4aa0_0;
    %parti/s 2, 2, 3;
    %store/vec4 v0000029d2baa48c0_0, 0, 2;
    %jmp T_4.69;
T_4.67 ;
    %load/vec4 v0000029d2baa4aa0_0;
    %parti/s 2, 0, 2;
    %store/vec4 v0000029d2baa48c0_0, 0, 2;
    %jmp T_4.69;
T_4.69 ;
    %pop/vec4 1;
    %load/vec4 v0000029d2baa4960_0;
    %cmpi/e 1, 0, 1;
    %jmp/0xz  T_4.70, 4;
    %vpi_call/w 3 149 "$display", "axiov != 0" {0 0 0};
T_4.70 ;
    %delay 20000, 0;
    %load/vec4 v0000029d2ba03860_0;
    %subi 2, 0, 32;
    %cast2;
    %store/vec4 v0000029d2ba03860_0, 0, 32;
    %jmp T_4.62;
T_4.63 ;
    %end;
    .scope S_0000029d2b9565b0;
t_22 %join;
    %load/vec4 v0000029d2ba03900_0;
    %subi 8, 0, 32;
    %cast2;
    %store/vec4 v0000029d2ba03900_0, 0, 32;
    %jmp T_4.60;
T_4.61 ;
    %end;
    .scope S_0000029d2ba03540;
t_20 %join;
    %fork t_25, S_0000029d2ba56f50;
    %jmp t_24;
    .scope S_0000029d2ba56f50;
t_25 ;
    %pushi/vec4 47, 0, 32;
    %store/vec4 v0000029d2ba57310_0, 0, 32;
T_4.72 ;
    %load/vec4 v0000029d2ba57310_0;
    %cmpi/s 0, 0, 32;
    %flag_or 5, 4; GT is !LE
    %flag_inv 5;
    %jmp/0xz T_4.73, 5;
    %load/vec4 v0000029d2baa54a0_0;
    %load/vec4 v0000029d2ba57310_0;
    %pad/s 34;
    %subi 7, 0, 34;
    %part/s 8;
    %store/vec4 v0000029d2baa4aa0_0, 0, 8;
    %fork t_27, S_0000029d2ba570e0;
    %jmp t_26;
    .scope S_0000029d2ba570e0;
t_27 ;
    %pushi/vec4 7, 0, 32;
    %store/vec4 v0000029d2ba57270_0, 0, 32;
T_4.74 ;
    %load/vec4 v0000029d2ba57270_0;
    %cmpi/s 0, 0, 32;
    %flag_or 5, 4; GT is !LE
    %flag_inv 5;
    %jmp/0xz T_4.75, 5;
    %load/vec4 v0000029d2ba57270_0;
    %dup/vec4;
    %pushi/vec4 7, 0, 32;
    %cmp/u;
    %jmp/1 T_4.76, 6;
    %dup/vec4;
    %pushi/vec4 5, 0, 32;
    %cmp/u;
    %jmp/1 T_4.77, 6;
    %dup/vec4;
    %pushi/vec4 3, 0, 32;
    %cmp/u;
    %jmp/1 T_4.78, 6;
    %dup/vec4;
    %pushi/vec4 1, 0, 32;
    %cmp/u;
    %jmp/1 T_4.79, 6;
    %jmp T_4.81;
T_4.76 ;
    %load/vec4 v0000029d2baa4aa0_0;
    %parti/s 2, 6, 4;
    %store/vec4 v0000029d2baa48c0_0, 0, 2;
    %jmp T_4.81;
T_4.77 ;
    %load/vec4 v0000029d2baa4aa0_0;
    %parti/s 2, 4, 4;
    %store/vec4 v0000029d2baa48c0_0, 0, 2;
    %jmp T_4.81;
T_4.78 ;
    %load/vec4 v0000029d2baa4aa0_0;
    %parti/s 2, 2, 3;
    %store/vec4 v0000029d2baa48c0_0, 0, 2;
    %jmp T_4.81;
T_4.79 ;
    %load/vec4 v0000029d2baa4aa0_0;
    %parti/s 2, 0, 2;
    %store/vec4 v0000029d2baa48c0_0, 0, 2;
    %jmp T_4.81;
T_4.81 ;
    %pop/vec4 1;
    %load/vec4 v0000029d2baa4960_0;
    %cmpi/e 1, 0, 1;
    %jmp/0xz  T_4.82, 4;
    %vpi_call/w 3 165 "$display", "axiov != 0" {0 0 0};
T_4.82 ;
    %delay 20000, 0;
    %load/vec4 v0000029d2ba57270_0;
    %subi 2, 0, 32;
    %cast2;
    %store/vec4 v0000029d2ba57270_0, 0, 32;
    %jmp T_4.74;
T_4.75 ;
    %end;
    .scope S_0000029d2ba56f50;
t_26 %join;
    %load/vec4 v0000029d2ba57310_0;
    %subi 8, 0, 32;
    %cast2;
    %store/vec4 v0000029d2ba57310_0, 0, 32;
    %jmp T_4.72;
T_4.73 ;
    %end;
    .scope S_0000029d2ba03540;
t_24 %join;
    %fork t_29, S_0000029d2ba573b0;
    %jmp t_28;
    .scope S_0000029d2ba573b0;
t_29 ;
    %pushi/vec4 15, 0, 32;
    %store/vec4 v0000029d2ba57ae0_0, 0, 32;
T_4.84 ;
    %load/vec4 v0000029d2ba57ae0_0;
    %cmpi/s 0, 0, 32;
    %flag_or 5, 4; GT is !LE
    %flag_inv 5;
    %jmp/0xz T_4.85, 5;
    %load/vec4 v0000029d2baa3b00_0;
    %load/vec4 v0000029d2ba57ae0_0;
    %pad/s 34;
    %subi 7, 0, 34;
    %part/s 8;
    %store/vec4 v0000029d2baa4aa0_0, 0, 8;
    %fork t_31, S_0000029d2ba57540;
    %jmp t_30;
    .scope S_0000029d2ba57540;
t_31 ;
    %pushi/vec4 7, 0, 32;
    %store/vec4 v0000029d2ba576d0_0, 0, 32;
T_4.86 ;
    %load/vec4 v0000029d2ba576d0_0;
    %cmpi/s 0, 0, 32;
    %flag_or 5, 4; GT is !LE
    %flag_inv 5;
    %jmp/0xz T_4.87, 5;
    %load/vec4 v0000029d2ba576d0_0;
    %dup/vec4;
    %pushi/vec4 7, 0, 32;
    %cmp/u;
    %jmp/1 T_4.88, 6;
    %dup/vec4;
    %pushi/vec4 5, 0, 32;
    %cmp/u;
    %jmp/1 T_4.89, 6;
    %dup/vec4;
    %pushi/vec4 3, 0, 32;
    %cmp/u;
    %jmp/1 T_4.90, 6;
    %dup/vec4;
    %pushi/vec4 1, 0, 32;
    %cmp/u;
    %jmp/1 T_4.91, 6;
    %jmp T_4.93;
T_4.88 ;
    %load/vec4 v0000029d2baa4aa0_0;
    %parti/s 2, 6, 4;
    %store/vec4 v0000029d2baa48c0_0, 0, 2;
    %jmp T_4.93;
T_4.89 ;
    %load/vec4 v0000029d2baa4aa0_0;
    %parti/s 2, 4, 4;
    %store/vec4 v0000029d2baa48c0_0, 0, 2;
    %jmp T_4.93;
T_4.90 ;
    %load/vec4 v0000029d2baa4aa0_0;
    %parti/s 2, 2, 3;
    %store/vec4 v0000029d2baa48c0_0, 0, 2;
    %jmp T_4.93;
T_4.91 ;
    %load/vec4 v0000029d2baa4aa0_0;
    %parti/s 2, 0, 2;
    %store/vec4 v0000029d2baa48c0_0, 0, 2;
    %jmp T_4.93;
T_4.93 ;
    %pop/vec4 1;
    %load/vec4 v0000029d2baa4960_0;
    %cmpi/e 1, 0, 1;
    %jmp/0xz  T_4.94, 4;
    %vpi_call/w 3 181 "$display", "axiov != 0" {0 0 0};
T_4.94 ;
    %delay 20000, 0;
    %load/vec4 v0000029d2ba576d0_0;
    %subi 2, 0, 32;
    %cast2;
    %store/vec4 v0000029d2ba576d0_0, 0, 32;
    %jmp T_4.86;
T_4.87 ;
    %end;
    .scope S_0000029d2ba573b0;
t_30 %join;
    %load/vec4 v0000029d2ba57ae0_0;
    %subi 8, 0, 32;
    %cast2;
    %store/vec4 v0000029d2ba57ae0_0, 0, 32;
    %jmp T_4.84;
T_4.85 ;
    %end;
    .scope S_0000029d2ba03540;
t_28 %join;
    %fork t_33, S_0000029d2ba58780;
    %jmp t_32;
    .scope S_0000029d2ba58780;
t_33 ;
    %pushi/vec4 31, 0, 32;
    %store/vec4 v0000029d2ba57a40_0, 0, 32;
T_4.96 ;
    %load/vec4 v0000029d2ba57a40_0;
    %cmpi/s 0, 0, 32;
    %flag_or 5, 4; GT is !LE
    %flag_inv 5;
    %jmp/0xz T_4.97, 5;
    %load/vec4 v0000029d2baa5400_0;
    %load/vec4 v0000029d2ba57a40_0;
    %pad/s 34;
    %subi 7, 0, 34;
    %part/s 8;
    %store/vec4 v0000029d2baa4aa0_0, 0, 8;
    %fork t_35, S_0000029d2ba58910;
    %jmp t_34;
    .scope S_0000029d2ba58910;
t_35 ;
    %pushi/vec4 7, 0, 32;
    %store/vec4 v0000029d2ba584e0_0, 0, 32;
T_4.98 ;
    %load/vec4 v0000029d2ba584e0_0;
    %cmpi/s 0, 0, 32;
    %flag_or 5, 4; GT is !LE
    %flag_inv 5;
    %jmp/0xz T_4.99, 5;
    %load/vec4 v0000029d2ba584e0_0;
    %dup/vec4;
    %pushi/vec4 7, 0, 32;
    %cmp/u;
    %jmp/1 T_4.100, 6;
    %dup/vec4;
    %pushi/vec4 5, 0, 32;
    %cmp/u;
    %jmp/1 T_4.101, 6;
    %dup/vec4;
    %pushi/vec4 3, 0, 32;
    %cmp/u;
    %jmp/1 T_4.102, 6;
    %dup/vec4;
    %pushi/vec4 1, 0, 32;
    %cmp/u;
    %jmp/1 T_4.103, 6;
    %jmp T_4.105;
T_4.100 ;
    %load/vec4 v0000029d2baa4aa0_0;
    %parti/s 2, 6, 4;
    %store/vec4 v0000029d2baa48c0_0, 0, 2;
    %jmp T_4.105;
T_4.101 ;
    %load/vec4 v0000029d2baa4aa0_0;
    %parti/s 2, 4, 4;
    %store/vec4 v0000029d2baa48c0_0, 0, 2;
    %jmp T_4.105;
T_4.102 ;
    %load/vec4 v0000029d2baa4aa0_0;
    %parti/s 2, 2, 3;
    %store/vec4 v0000029d2baa48c0_0, 0, 2;
    %jmp T_4.105;
T_4.103 ;
    %load/vec4 v0000029d2baa4aa0_0;
    %parti/s 2, 0, 2;
    %store/vec4 v0000029d2baa48c0_0, 0, 2;
    %jmp T_4.105;
T_4.105 ;
    %pop/vec4 1;
    %load/vec4 v0000029d2baa4960_0;
    %cmpi/e 1, 0, 1;
    %jmp/0xz  T_4.106, 4;
    %vpi_call/w 3 197 "$display", "axiov != 0" {0 0 0};
T_4.106 ;
    %delay 20000, 0;
    %load/vec4 v0000029d2ba584e0_0;
    %subi 2, 0, 32;
    %cast2;
    %store/vec4 v0000029d2ba584e0_0, 0, 32;
    %jmp T_4.98;
T_4.99 ;
    %end;
    .scope S_0000029d2ba58780;
t_34 %join;
    %load/vec4 v0000029d2ba57a40_0;
    %subi 8, 0, 32;
    %cast2;
    %store/vec4 v0000029d2ba57a40_0, 0, 32;
    %jmp T_4.96;
T_4.97 ;
    %end;
    .scope S_0000029d2ba03540;
t_32 %join;
    %fork t_37, S_0000029d2ba58aa0;
    %jmp t_36;
    .scope S_0000029d2ba58aa0;
t_37 ;
    %pushi/vec4 31, 0, 32;
    %store/vec4 v0000029d2ba57fe0_0, 0, 32;
T_4.108 ;
    %load/vec4 v0000029d2ba57fe0_0;
    %cmpi/s 0, 0, 32;
    %flag_or 5, 4; GT is !LE
    %flag_inv 5;
    %jmp/0xz T_4.109, 5;
    %load/vec4 v0000029d2baa4fa0_0;
    %load/vec4 v0000029d2ba57fe0_0;
    %pad/s 34;
    %subi 7, 0, 34;
    %part/s 8;
    %store/vec4 v0000029d2baa4aa0_0, 0, 8;
    %fork t_39, S_0000029d2ba58c30;
    %jmp t_38;
    .scope S_0000029d2ba58c30;
t_39 ;
    %pushi/vec4 7, 0, 32;
    %store/vec4 v0000029d2ba58300_0, 0, 32;
T_4.110 ;
    %load/vec4 v0000029d2ba58300_0;
    %cmpi/s 0, 0, 32;
    %flag_or 5, 4; GT is !LE
    %flag_inv 5;
    %jmp/0xz T_4.111, 5;
    %load/vec4 v0000029d2ba58300_0;
    %dup/vec4;
    %pushi/vec4 7, 0, 32;
    %cmp/u;
    %jmp/1 T_4.112, 6;
    %dup/vec4;
    %pushi/vec4 5, 0, 32;
    %cmp/u;
    %jmp/1 T_4.113, 6;
    %dup/vec4;
    %pushi/vec4 3, 0, 32;
    %cmp/u;
    %jmp/1 T_4.114, 6;
    %dup/vec4;
    %pushi/vec4 1, 0, 32;
    %cmp/u;
    %jmp/1 T_4.115, 6;
    %jmp T_4.117;
T_4.112 ;
    %load/vec4 v0000029d2baa4aa0_0;
    %parti/s 2, 6, 4;
    %store/vec4 v0000029d2baa48c0_0, 0, 2;
    %jmp T_4.117;
T_4.113 ;
    %load/vec4 v0000029d2baa4aa0_0;
    %parti/s 2, 4, 4;
    %store/vec4 v0000029d2baa48c0_0, 0, 2;
    %jmp T_4.117;
T_4.114 ;
    %load/vec4 v0000029d2baa4aa0_0;
    %parti/s 2, 2, 3;
    %store/vec4 v0000029d2baa48c0_0, 0, 2;
    %jmp T_4.117;
T_4.115 ;
    %load/vec4 v0000029d2baa4aa0_0;
    %parti/s 2, 0, 2;
    %store/vec4 v0000029d2baa48c0_0, 0, 2;
    %jmp T_4.117;
T_4.117 ;
    %pop/vec4 1;
    %load/vec4 v0000029d2baa4960_0;
    %cmpi/e 1, 0, 1;
    %jmp/0xz  T_4.118, 4;
    %vpi_call/w 3 213 "$display", "axiov != 0" {0 0 0};
T_4.118 ;
    %delay 20000, 0;
    %load/vec4 v0000029d2ba58300_0;
    %subi 2, 0, 32;
    %cast2;
    %store/vec4 v0000029d2ba58300_0, 0, 32;
    %jmp T_4.110;
T_4.111 ;
    %end;
    .scope S_0000029d2ba58aa0;
t_38 %join;
    %load/vec4 v0000029d2ba57fe0_0;
    %subi 8, 0, 32;
    %cast2;
    %store/vec4 v0000029d2ba57fe0_0, 0, 32;
    %jmp T_4.108;
T_4.109 ;
    %end;
    .scope S_0000029d2ba03540;
t_36 %join;
    %pushi/vec4 0, 0, 1;
    %store/vec4 v0000029d2baa41e0_0, 0, 1;
    %vpi_call/w 3 219 "$display", "PASSED TEST 2!" {0 0 0};
    %delay 400000, 0;
    %pushi/vec4 1, 0, 1;
    %store/vec4 v0000029d2baa41e0_0, 0, 1;
    %fork t_41, S_0000029d2baa2ce0;
    %jmp t_40;
    .scope S_0000029d2baa2ce0;
t_41 ;
    %pushi/vec4 47, 0, 32;
    %store/vec4 v0000029d2ba57b80_0, 0, 32;
T_4.120 ;
    %load/vec4 v0000029d2ba57b80_0;
    %cmpi/s 0, 0, 32;
    %flag_or 5, 4; GT is !LE
    %flag_inv 5;
    %jmp/0xz T_4.121, 5;
    %load/vec4 v0000029d2baa55e0_0;
    %load/vec4 v0000029d2ba57b80_0;
    %pad/s 34;
    %subi 7, 0, 34;
    %part/s 8;
    %store/vec4 v0000029d2baa4aa0_0, 0, 8;
    %fork t_43, S_0000029d2baa2060;
    %jmp t_42;
    .scope S_0000029d2baa2060;
t_43 ;
    %pushi/vec4 7, 0, 32;
    %store/vec4 v0000029d2ba57e00_0, 0, 32;
T_4.122 ;
    %load/vec4 v0000029d2ba57e00_0;
    %cmpi/s 0, 0, 32;
    %flag_or 5, 4; GT is !LE
    %flag_inv 5;
    %jmp/0xz T_4.123, 5;
    %load/vec4 v0000029d2ba57e00_0;
    %dup/vec4;
    %pushi/vec4 7, 0, 32;
    %cmp/u;
    %jmp/1 T_4.124, 6;
    %dup/vec4;
    %pushi/vec4 5, 0, 32;
    %cmp/u;
    %jmp/1 T_4.125, 6;
    %dup/vec4;
    %pushi/vec4 3, 0, 32;
    %cmp/u;
    %jmp/1 T_4.126, 6;
    %dup/vec4;
    %pushi/vec4 1, 0, 32;
    %cmp/u;
    %jmp/1 T_4.127, 6;
    %jmp T_4.129;
T_4.124 ;
    %load/vec4 v0000029d2baa4aa0_0;
    %parti/s 2, 6, 4;
    %store/vec4 v0000029d2baa48c0_0, 0, 2;
    %jmp T_4.129;
T_4.125 ;
    %load/vec4 v0000029d2baa4aa0_0;
    %parti/s 2, 4, 4;
    %store/vec4 v0000029d2baa48c0_0, 0, 2;
    %jmp T_4.129;
T_4.126 ;
    %load/vec4 v0000029d2baa4aa0_0;
    %parti/s 2, 2, 3;
    %store/vec4 v0000029d2baa48c0_0, 0, 2;
    %jmp T_4.129;
T_4.127 ;
    %load/vec4 v0000029d2baa4aa0_0;
    %parti/s 2, 0, 2;
    %store/vec4 v0000029d2baa48c0_0, 0, 2;
    %jmp T_4.129;
T_4.129 ;
    %pop/vec4 1;
    %load/vec4 v0000029d2baa4960_0;
    %cmpi/e 1, 0, 1;
    %jmp/0xz  T_4.130, 4;
    %vpi_call/w 3 240 "$display", "axiov != 0" {0 0 0};
T_4.130 ;
    %delay 20000, 0;
    %load/vec4 v0000029d2ba57e00_0;
    %subi 2, 0, 32;
    %cast2;
    %store/vec4 v0000029d2ba57e00_0, 0, 32;
    %jmp T_4.122;
T_4.123 ;
    %end;
    .scope S_0000029d2baa2ce0;
t_42 %join;
    %load/vec4 v0000029d2ba57b80_0;
    %subi 8, 0, 32;
    %cast2;
    %store/vec4 v0000029d2ba57b80_0, 0, 32;
    %jmp T_4.120;
T_4.121 ;
    %end;
    .scope S_0000029d2ba03540;
t_40 %join;
    %fork t_45, S_0000029d2baa2e70;
    %jmp t_44;
    .scope S_0000029d2baa2e70;
t_45 ;
    %pushi/vec4 47, 0, 32;
    %store/vec4 v0000029d2ba58120_0, 0, 32;
T_4.132 ;
    %load/vec4 v0000029d2ba58120_0;
    %cmpi/s 0, 0, 32;
    %flag_or 5, 4; GT is !LE
    %flag_inv 5;
    %jmp/0xz T_4.133, 5;
    %load/vec4 v0000029d2baa54a0_0;
    %load/vec4 v0000029d2ba58120_0;
    %pad/s 34;
    %subi 7, 0, 34;
    %part/s 8;
    %store/vec4 v0000029d2baa4aa0_0, 0, 8;
    %fork t_47, S_0000029d2baa2830;
    %jmp t_46;
    .scope S_0000029d2baa2830;
t_47 ;
    %pushi/vec4 7, 0, 32;
    %store/vec4 v0000029d2ba58580_0, 0, 32;
T_4.134 ;
    %load/vec4 v0000029d2ba58580_0;
    %cmpi/s 0, 0, 32;
    %flag_or 5, 4; GT is !LE
    %flag_inv 5;
    %jmp/0xz T_4.135, 5;
    %load/vec4 v0000029d2ba58580_0;
    %dup/vec4;
    %pushi/vec4 7, 0, 32;
    %cmp/u;
    %jmp/1 T_4.136, 6;
    %dup/vec4;
    %pushi/vec4 5, 0, 32;
    %cmp/u;
    %jmp/1 T_4.137, 6;
    %dup/vec4;
    %pushi/vec4 3, 0, 32;
    %cmp/u;
    %jmp/1 T_4.138, 6;
    %dup/vec4;
    %pushi/vec4 1, 0, 32;
    %cmp/u;
    %jmp/1 T_4.139, 6;
    %jmp T_4.141;
T_4.136 ;
    %load/vec4 v0000029d2baa4aa0_0;
    %parti/s 2, 6, 4;
    %store/vec4 v0000029d2baa48c0_0, 0, 2;
    %jmp T_4.141;
T_4.137 ;
    %load/vec4 v0000029d2baa4aa0_0;
    %parti/s 2, 4, 4;
    %store/vec4 v0000029d2baa48c0_0, 0, 2;
    %jmp T_4.141;
T_4.138 ;
    %load/vec4 v0000029d2baa4aa0_0;
    %parti/s 2, 2, 3;
    %store/vec4 v0000029d2baa48c0_0, 0, 2;
    %jmp T_4.141;
T_4.139 ;
    %load/vec4 v0000029d2baa4aa0_0;
    %parti/s 2, 0, 2;
    %store/vec4 v0000029d2baa48c0_0, 0, 2;
    %jmp T_4.141;
T_4.141 ;
    %pop/vec4 1;
    %load/vec4 v0000029d2baa4960_0;
    %cmpi/e 1, 0, 1;
    %jmp/0xz  T_4.142, 4;
    %vpi_call/w 3 256 "$display", "axiov != 0" {0 0 0};
T_4.142 ;
    %delay 20000, 0;
    %load/vec4 v0000029d2ba58580_0;
    %subi 2, 0, 32;
    %cast2;
    %store/vec4 v0000029d2ba58580_0, 0, 32;
    %jmp T_4.134;
T_4.135 ;
    %end;
    .scope S_0000029d2baa2e70;
t_46 %join;
    %load/vec4 v0000029d2ba58120_0;
    %subi 8, 0, 32;
    %cast2;
    %store/vec4 v0000029d2ba58120_0, 0, 32;
    %jmp T_4.132;
T_4.133 ;
    %end;
    .scope S_0000029d2ba03540;
t_44 %join;
    %fork t_49, S_0000029d2baa21f0;
    %jmp t_48;
    .scope S_0000029d2baa21f0;
t_49 ;
    %pushi/vec4 15, 0, 32;
    %store/vec4 v0000029d2ba57900_0, 0, 32;
T_4.144 ;
    %load/vec4 v0000029d2ba57900_0;
    %cmpi/s 0, 0, 32;
    %flag_or 5, 4; GT is !LE
    %flag_inv 5;
    %jmp/0xz T_4.145, 5;
    %load/vec4 v0000029d2baa3b00_0;
    %load/vec4 v0000029d2ba57900_0;
    %pad/s 34;
    %subi 7, 0, 34;
    %part/s 8;
    %store/vec4 v0000029d2baa4aa0_0, 0, 8;
    %fork t_51, S_0000029d2baa2510;
    %jmp t_50;
    .scope S_0000029d2baa2510;
t_51 ;
    %pushi/vec4 7, 0, 32;
    %store/vec4 v0000029d2ba577c0_0, 0, 32;
T_4.146 ;
    %load/vec4 v0000029d2ba577c0_0;
    %cmpi/s 0, 0, 32;
    %flag_or 5, 4; GT is !LE
    %flag_inv 5;
    %jmp/0xz T_4.147, 5;
    %load/vec4 v0000029d2ba577c0_0;
    %dup/vec4;
    %pushi/vec4 7, 0, 32;
    %cmp/u;
    %jmp/1 T_4.148, 6;
    %dup/vec4;
    %pushi/vec4 5, 0, 32;
    %cmp/u;
    %jmp/1 T_4.149, 6;
    %dup/vec4;
    %pushi/vec4 3, 0, 32;
    %cmp/u;
    %jmp/1 T_4.150, 6;
    %dup/vec4;
    %pushi/vec4 1, 0, 32;
    %cmp/u;
    %jmp/1 T_4.151, 6;
    %jmp T_4.153;
T_4.148 ;
    %load/vec4 v0000029d2baa4aa0_0;
    %parti/s 2, 6, 4;
    %store/vec4 v0000029d2baa48c0_0, 0, 2;
    %jmp T_4.153;
T_4.149 ;
    %load/vec4 v0000029d2baa4aa0_0;
    %parti/s 2, 4, 4;
    %store/vec4 v0000029d2baa48c0_0, 0, 2;
    %jmp T_4.153;
T_4.150 ;
    %load/vec4 v0000029d2baa4aa0_0;
    %parti/s 2, 2, 3;
    %store/vec4 v0000029d2baa48c0_0, 0, 2;
    %jmp T_4.153;
T_4.151 ;
    %load/vec4 v0000029d2baa4aa0_0;
    %parti/s 2, 0, 2;
    %store/vec4 v0000029d2baa48c0_0, 0, 2;
    %jmp T_4.153;
T_4.153 ;
    %pop/vec4 1;
    %load/vec4 v0000029d2baa4960_0;
    %cmpi/e 1, 0, 1;
    %jmp/0xz  T_4.154, 4;
    %vpi_call/w 3 272 "$display", "axiov != 0" {0 0 0};
T_4.154 ;
    %delay 20000, 0;
    %load/vec4 v0000029d2ba577c0_0;
    %subi 2, 0, 32;
    %cast2;
    %store/vec4 v0000029d2ba577c0_0, 0, 32;
    %jmp T_4.146;
T_4.147 ;
    %end;
    .scope S_0000029d2baa21f0;
t_50 %join;
    %load/vec4 v0000029d2ba57900_0;
    %subi 8, 0, 32;
    %cast2;
    %store/vec4 v0000029d2ba57900_0, 0, 32;
    %jmp T_4.144;
T_4.145 ;
    %end;
    .scope S_0000029d2ba03540;
t_48 %join;
    %fork t_53, S_0000029d2baa2380;
    %jmp t_52;
    .scope S_0000029d2baa2380;
t_53 ;
    %pushi/vec4 31, 0, 32;
    %store/vec4 v0000029d2ba57860_0, 0, 32;
T_4.156 ;
    %load/vec4 v0000029d2ba57860_0;
    %cmpi/s 0, 0, 32;
    %flag_or 5, 4; GT is !LE
    %flag_inv 5;
    %jmp/0xz T_4.157, 5;
    %load/vec4 v0000029d2baa5400_0;
    %load/vec4 v0000029d2ba57860_0;
    %pad/s 34;
    %subi 7, 0, 34;
    %part/s 8;
    %store/vec4 v0000029d2baa4aa0_0, 0, 8;
    %fork t_55, S_0000029d2baa29c0;
    %jmp t_54;
    .scope S_0000029d2baa29c0;
t_55 ;
    %pushi/vec4 7, 0, 32;
    %store/vec4 v0000029d2ba57c20_0, 0, 32;
T_4.158 ;
    %load/vec4 v0000029d2ba57c20_0;
    %cmpi/s 0, 0, 32;
    %flag_or 5, 4; GT is !LE
    %flag_inv 5;
    %jmp/0xz T_4.159, 5;
    %load/vec4 v0000029d2ba57c20_0;
    %dup/vec4;
    %pushi/vec4 7, 0, 32;
    %cmp/u;
    %jmp/1 T_4.160, 6;
    %dup/vec4;
    %pushi/vec4 5, 0, 32;
    %cmp/u;
    %jmp/1 T_4.161, 6;
    %dup/vec4;
    %pushi/vec4 3, 0, 32;
    %cmp/u;
    %jmp/1 T_4.162, 6;
    %dup/vec4;
    %pushi/vec4 1, 0, 32;
    %cmp/u;
    %jmp/1 T_4.163, 6;
    %jmp T_4.165;
T_4.160 ;
    %load/vec4 v0000029d2baa4aa0_0;
    %parti/s 2, 6, 4;
    %store/vec4 v0000029d2baa48c0_0, 0, 2;
    %jmp T_4.165;
T_4.161 ;
    %load/vec4 v0000029d2baa4aa0_0;
    %parti/s 2, 4, 4;
    %store/vec4 v0000029d2baa48c0_0, 0, 2;
    %jmp T_4.165;
T_4.162 ;
    %load/vec4 v0000029d2baa4aa0_0;
    %parti/s 2, 2, 3;
    %store/vec4 v0000029d2baa48c0_0, 0, 2;
    %jmp T_4.165;
T_4.163 ;
    %load/vec4 v0000029d2baa4aa0_0;
    %parti/s 2, 0, 2;
    %store/vec4 v0000029d2baa48c0_0, 0, 2;
    %jmp T_4.165;
T_4.165 ;
    %pop/vec4 1;
    %load/vec4 v0000029d2baa4960_0;
    %cmpi/e 1, 0, 1;
    %jmp/0xz  T_4.166, 4;
    %vpi_call/w 3 288 "$display", "axiov != 0" {0 0 0};
T_4.166 ;
    %delay 20000, 0;
    %load/vec4 v0000029d2ba57c20_0;
    %subi 2, 0, 32;
    %cast2;
    %store/vec4 v0000029d2ba57c20_0, 0, 32;
    %jmp T_4.158;
T_4.159 ;
    %end;
    .scope S_0000029d2baa2380;
t_54 %join;
    %load/vec4 v0000029d2ba57860_0;
    %subi 8, 0, 32;
    %cast2;
    %store/vec4 v0000029d2ba57860_0, 0, 32;
    %jmp T_4.156;
T_4.157 ;
    %end;
    .scope S_0000029d2ba03540;
t_52 %join;
    %fork t_57, S_0000029d2ba5a260;
    %jmp t_56;
    .scope S_0000029d2ba5a260;
t_57 ;
    %pushi/vec4 31, 0, 32;
    %store/vec4 v0000029d2ba57d60_0, 0, 32;
T_4.168 ;
    %load/vec4 v0000029d2ba57d60_0;
    %cmpi/s 0, 0, 32;
    %flag_or 5, 4; GT is !LE
    %flag_inv 5;
    %jmp/0xz T_4.169, 5;
    %load/vec4 v0000029d2baa4fa0_0;
    %load/vec4 v0000029d2ba57d60_0;
    %pad/s 34;
    %subi 7, 0, 34;
    %part/s 8;
    %store/vec4 v0000029d2baa4aa0_0, 0, 8;
    %fork t_59, S_0000029d2ba5a0d0;
    %jmp t_58;
    .scope S_0000029d2ba5a0d0;
t_59 ;
    %pushi/vec4 7, 0, 32;
    %store/vec4 v0000029d2ba57cc0_0, 0, 32;
T_4.170 ;
    %load/vec4 v0000029d2ba57cc0_0;
    %cmpi/s 0, 0, 32;
    %flag_or 5, 4; GT is !LE
    %flag_inv 5;
    %jmp/0xz T_4.171, 5;
    %load/vec4 v0000029d2ba57cc0_0;
    %dup/vec4;
    %pushi/vec4 7, 0, 32;
    %cmp/u;
    %jmp/1 T_4.172, 6;
    %dup/vec4;
    %pushi/vec4 5, 0, 32;
    %cmp/u;
    %jmp/1 T_4.173, 6;
    %dup/vec4;
    %pushi/vec4 3, 0, 32;
    %cmp/u;
    %jmp/1 T_4.174, 6;
    %dup/vec4;
    %pushi/vec4 1, 0, 32;
    %cmp/u;
    %jmp/1 T_4.175, 6;
    %jmp T_4.177;
T_4.172 ;
    %load/vec4 v0000029d2baa4aa0_0;
    %parti/s 2, 6, 4;
    %store/vec4 v0000029d2baa48c0_0, 0, 2;
    %jmp T_4.177;
T_4.173 ;
    %load/vec4 v0000029d2baa4aa0_0;
    %parti/s 2, 4, 4;
    %store/vec4 v0000029d2baa48c0_0, 0, 2;
    %jmp T_4.177;
T_4.174 ;
    %load/vec4 v0000029d2baa4aa0_0;
    %parti/s 2, 2, 3;
    %store/vec4 v0000029d2baa48c0_0, 0, 2;
    %jmp T_4.177;
T_4.175 ;
    %load/vec4 v0000029d2baa4aa0_0;
    %parti/s 2, 0, 2;
    %store/vec4 v0000029d2baa48c0_0, 0, 2;
    %jmp T_4.177;
T_4.177 ;
    %pop/vec4 1;
    %load/vec4 v0000029d2baa4960_0;
    %cmpi/e 1, 0, 1;
    %jmp/0xz  T_4.178, 4;
    %vpi_call/w 3 304 "$display", "axiov != 0" {0 0 0};
T_4.178 ;
    %delay 20000, 0;
    %load/vec4 v0000029d2ba57cc0_0;
    %subi 2, 0, 32;
    %cast2;
    %store/vec4 v0000029d2ba57cc0_0, 0, 32;
    %jmp T_4.170;
T_4.171 ;
    %end;
    .scope S_0000029d2ba5a260;
t_58 %join;
    %load/vec4 v0000029d2ba57d60_0;
    %subi 8, 0, 32;
    %cast2;
    %store/vec4 v0000029d2ba57d60_0, 0, 32;
    %jmp T_4.168;
T_4.169 ;
    %end;
    .scope S_0000029d2ba03540;
t_56 %join;
    %pushi/vec4 0, 0, 1;
    %store/vec4 v0000029d2baa41e0_0, 0, 1;
    %vpi_call/w 3 310 "$display", "PASSED TEST 3!" {0 0 0};
    %delay 400000, 0;
    %pushi/vec4 1, 0, 1;
    %store/vec4 v0000029d2baa41e0_0, 0, 1;
    %fork t_61, S_0000029d2ba59a90;
    %jmp t_60;
    .scope S_0000029d2ba59a90;
t_61 ;
    %pushi/vec4 47, 0, 32;
    %store/vec4 v0000029d2ba57ea0_0, 0, 32;
T_4.180 ;
    %load/vec4 v0000029d2ba57ea0_0;
    %cmpi/s 0, 0, 32;
    %flag_or 5, 4; GT is !LE
    %flag_inv 5;
    %jmp/0xz T_4.181, 5;
    %load/vec4 v0000029d2baa3ec0_0;
    %load/vec4 v0000029d2ba57ea0_0;
    %pad/s 34;
    %subi 7, 0, 34;
    %part/s 8;
    %store/vec4 v0000029d2baa4aa0_0, 0, 8;
    %fork t_63, S_0000029d2ba58e10;
    %jmp t_62;
    .scope S_0000029d2ba58e10;
t_63 ;
    %pushi/vec4 7, 0, 32;
    %store/vec4 v0000029d2ba58260_0, 0, 32;
T_4.182 ;
    %load/vec4 v0000029d2ba58260_0;
    %cmpi/s 0, 0, 32;
    %flag_or 5, 4; GT is !LE
    %flag_inv 5;
    %jmp/0xz T_4.183, 5;
    %load/vec4 v0000029d2ba58260_0;
    %dup/vec4;
    %pushi/vec4 7, 0, 32;
    %cmp/u;
    %jmp/1 T_4.184, 6;
    %dup/vec4;
    %pushi/vec4 5, 0, 32;
    %cmp/u;
    %jmp/1 T_4.185, 6;
    %dup/vec4;
    %pushi/vec4 3, 0, 32;
    %cmp/u;
    %jmp/1 T_4.186, 6;
    %dup/vec4;
    %pushi/vec4 1, 0, 32;
    %cmp/u;
    %jmp/1 T_4.187, 6;
    %jmp T_4.189;
T_4.184 ;
    %load/vec4 v0000029d2baa4aa0_0;
    %parti/s 2, 6, 4;
    %store/vec4 v0000029d2baa48c0_0, 0, 2;
    %jmp T_4.189;
T_4.185 ;
    %load/vec4 v0000029d2baa4aa0_0;
    %parti/s 2, 4, 4;
    %store/vec4 v0000029d2baa48c0_0, 0, 2;
    %jmp T_4.189;
T_4.186 ;
    %load/vec4 v0000029d2baa4aa0_0;
    %parti/s 2, 2, 3;
    %store/vec4 v0000029d2baa48c0_0, 0, 2;
    %jmp T_4.189;
T_4.187 ;
    %load/vec4 v0000029d2baa4aa0_0;
    %parti/s 2, 0, 2;
    %store/vec4 v0000029d2baa48c0_0, 0, 2;
    %jmp T_4.189;
T_4.189 ;
    %pop/vec4 1;
    %load/vec4 v0000029d2baa4960_0;
    %cmpi/e 1, 0, 1;
    %jmp/0xz  T_4.190, 4;
    %vpi_call/w 3 331 "$display", "axiov != 0" {0 0 0};
T_4.190 ;
    %delay 20000, 0;
    %load/vec4 v0000029d2ba58260_0;
    %subi 2, 0, 32;
    %cast2;
    %store/vec4 v0000029d2ba58260_0, 0, 32;
    %jmp T_4.182;
T_4.183 ;
    %end;
    .scope S_0000029d2ba59a90;
t_62 %join;
    %load/vec4 v0000029d2ba57ea0_0;
    %subi 8, 0, 32;
    %cast2;
    %store/vec4 v0000029d2ba57ea0_0, 0, 32;
    %jmp T_4.180;
T_4.181 ;
    %end;
    .scope S_0000029d2ba03540;
t_60 %join;
    %fork t_65, S_0000029d2ba59900;
    %jmp t_64;
    .scope S_0000029d2ba59900;
t_65 ;
    %pushi/vec4 47, 0, 32;
    %store/vec4 v0000029d2ba57f40_0, 0, 32;
T_4.192 ;
    %load/vec4 v0000029d2ba57f40_0;
    %cmpi/s 0, 0, 32;
    %flag_or 5, 4; GT is !LE
    %flag_inv 5;
    %jmp/0xz T_4.193, 5;
    %load/vec4 v0000029d2baa54a0_0;
    %load/vec4 v0000029d2ba57f40_0;
    %pad/s 34;
    %subi 7, 0, 34;
    %part/s 8;
    %store/vec4 v0000029d2baa4aa0_0, 0, 8;
    %fork t_67, S_0000029d2ba5aa30;
    %jmp t_66;
    .scope S_0000029d2ba5aa30;
t_67 ;
    %pushi/vec4 7, 0, 32;
    %store/vec4 v0000029d2ba579a0_0, 0, 32;
T_4.194 ;
    %load/vec4 v0000029d2ba579a0_0;
    %cmpi/s 0, 0, 32;
    %flag_or 5, 4; GT is !LE
    %flag_inv 5;
    %jmp/0xz T_4.195, 5;
    %load/vec4 v0000029d2ba579a0_0;
    %dup/vec4;
    %pushi/vec4 7, 0, 32;
    %cmp/u;
    %jmp/1 T_4.196, 6;
    %dup/vec4;
    %pushi/vec4 5, 0, 32;
    %cmp/u;
    %jmp/1 T_4.197, 6;
    %dup/vec4;
    %pushi/vec4 3, 0, 32;
    %cmp/u;
    %jmp/1 T_4.198, 6;
    %dup/vec4;
    %pushi/vec4 1, 0, 32;
    %cmp/u;
    %jmp/1 T_4.199, 6;
    %jmp T_4.201;
T_4.196 ;
    %load/vec4 v0000029d2baa4aa0_0;
    %parti/s 2, 6, 4;
    %store/vec4 v0000029d2baa48c0_0, 0, 2;
    %jmp T_4.201;
T_4.197 ;
    %load/vec4 v0000029d2baa4aa0_0;
    %parti/s 2, 4, 4;
    %store/vec4 v0000029d2baa48c0_0, 0, 2;
    %jmp T_4.201;
T_4.198 ;
    %load/vec4 v0000029d2baa4aa0_0;
    %parti/s 2, 2, 3;
    %store/vec4 v0000029d2baa48c0_0, 0, 2;
    %jmp T_4.201;
T_4.199 ;
    %load/vec4 v0000029d2baa4aa0_0;
    %parti/s 2, 0, 2;
    %store/vec4 v0000029d2baa48c0_0, 0, 2;
    %jmp T_4.201;
T_4.201 ;
    %pop/vec4 1;
    %load/vec4 v0000029d2baa4960_0;
    %cmpi/e 1, 0, 1;
    %jmp/0xz  T_4.202, 4;
    %vpi_call/w 3 347 "$display", "axiov != 0" {0 0 0};
T_4.202 ;
    %delay 20000, 0;
    %load/vec4 v0000029d2ba579a0_0;
    %subi 2, 0, 32;
    %cast2;
    %store/vec4 v0000029d2ba579a0_0, 0, 32;
    %jmp T_4.194;
T_4.195 ;
    %end;
    .scope S_0000029d2ba59900;
t_66 %join;
    %load/vec4 v0000029d2ba57f40_0;
    %subi 8, 0, 32;
    %cast2;
    %store/vec4 v0000029d2ba57f40_0, 0, 32;
    %jmp T_4.192;
T_4.193 ;
    %end;
    .scope S_0000029d2ba03540;
t_64 %join;
    %fork t_69, S_0000029d2ba59770;
    %jmp t_68;
    .scope S_0000029d2ba59770;
t_69 ;
    %pushi/vec4 15, 0, 32;
    %store/vec4 v0000029d2ba58620_0, 0, 32;
T_4.204 ;
    %load/vec4 v0000029d2ba58620_0;
    %cmpi/s 0, 0, 32;
    %flag_or 5, 4; GT is !LE
    %flag_inv 5;
    %jmp/0xz T_4.205, 5;
    %load/vec4 v0000029d2baa3b00_0;
    %load/vec4 v0000029d2ba58620_0;
    %pad/s 34;
    %subi 7, 0, 34;
    %part/s 8;
    %store/vec4 v0000029d2baa4aa0_0, 0, 8;
    %fork t_71, S_0000029d2ba5abc0;
    %jmp t_70;
    .scope S_0000029d2ba5abc0;
t_71 ;
    %pushi/vec4 7, 0, 32;
    %store/vec4 v0000029d2ba58440_0, 0, 32;
T_4.206 ;
    %load/vec4 v0000029d2ba58440_0;
    %cmpi/s 0, 0, 32;
    %flag_or 5, 4; GT is !LE
    %flag_inv 5;
    %jmp/0xz T_4.207, 5;
    %load/vec4 v0000029d2ba58440_0;
    %dup/vec4;
    %pushi/vec4 7, 0, 32;
    %cmp/u;
    %jmp/1 T_4.208, 6;
    %dup/vec4;
    %pushi/vec4 5, 0, 32;
    %cmp/u;
    %jmp/1 T_4.209, 6;
    %dup/vec4;
    %pushi/vec4 3, 0, 32;
    %cmp/u;
    %jmp/1 T_4.210, 6;
    %dup/vec4;
    %pushi/vec4 1, 0, 32;
    %cmp/u;
    %jmp/1 T_4.211, 6;
    %jmp T_4.213;
T_4.208 ;
    %load/vec4 v0000029d2baa4aa0_0;
    %parti/s 2, 6, 4;
    %store/vec4 v0000029d2baa48c0_0, 0, 2;
    %jmp T_4.213;
T_4.209 ;
    %load/vec4 v0000029d2baa4aa0_0;
    %parti/s 2, 4, 4;
    %store/vec4 v0000029d2baa48c0_0, 0, 2;
    %jmp T_4.213;
T_4.210 ;
    %load/vec4 v0000029d2baa4aa0_0;
    %parti/s 2, 2, 3;
    %store/vec4 v0000029d2baa48c0_0, 0, 2;
    %jmp T_4.213;
T_4.211 ;
    %load/vec4 v0000029d2baa4aa0_0;
    %parti/s 2, 0, 2;
    %store/vec4 v0000029d2baa48c0_0, 0, 2;
    %jmp T_4.213;
T_4.213 ;
    %pop/vec4 1;
    %delay 20000, 0;
    %load/vec4 v0000029d2baa4960_0;
    %cmpi/e 1, 0, 1;
    %jmp/0xz  T_4.214, 4;
    %vpi_call/w 3 364 "$display", "axiov != 0" {0 0 0};
T_4.214 ;
    %load/vec4 v0000029d2ba58440_0;
    %subi 2, 0, 32;
    %cast2;
    %store/vec4 v0000029d2ba58440_0, 0, 32;
    %jmp T_4.206;
T_4.207 ;
    %end;
    .scope S_0000029d2ba59770;
t_70 %join;
    %load/vec4 v0000029d2ba58620_0;
    %subi 8, 0, 32;
    %cast2;
    %store/vec4 v0000029d2ba58620_0, 0, 32;
    %jmp T_4.204;
T_4.205 ;
    %end;
    .scope S_0000029d2ba03540;
t_68 %join;
    %fork t_73, S_0000029d2ba5a3f0;
    %jmp t_72;
    .scope S_0000029d2ba5a3f0;
t_73 ;
    %pushi/vec4 31, 0, 32;
    %store/vec4 v0000029d2ba583a0_0, 0, 32;
T_4.216 ;
    %load/vec4 v0000029d2ba583a0_0;
    %cmpi/s 0, 0, 32;
    %flag_or 5, 4; GT is !LE
    %flag_inv 5;
    %jmp/0xz T_4.217, 5;
    %load/vec4 v0000029d2baa5400_0;
    %load/vec4 v0000029d2ba583a0_0;
    %pad/s 34;
    %subi 7, 0, 34;
    %part/s 8;
    %store/vec4 v0000029d2baa4aa0_0, 0, 8;
    %fork t_75, S_0000029d2ba59c20;
    %jmp t_74;
    .scope S_0000029d2ba59c20;
t_75 ;
    %pushi/vec4 7, 0, 32;
    %store/vec4 v0000029d2ba58080_0, 0, 32;
T_4.218 ;
    %load/vec4 v0000029d2ba58080_0;
    %cmpi/s 0, 0, 32;
    %flag_or 5, 4; GT is !LE
    %flag_inv 5;
    %jmp/0xz T_4.219, 5;
    %load/vec4 v0000029d2ba58080_0;
    %dup/vec4;
    %pushi/vec4 7, 0, 32;
    %cmp/u;
    %jmp/1 T_4.220, 6;
    %dup/vec4;
    %pushi/vec4 5, 0, 32;
    %cmp/u;
    %jmp/1 T_4.221, 6;
    %dup/vec4;
    %pushi/vec4 3, 0, 32;
    %cmp/u;
    %jmp/1 T_4.222, 6;
    %dup/vec4;
    %pushi/vec4 1, 0, 32;
    %cmp/u;
    %jmp/1 T_4.223, 6;
    %jmp T_4.225;
T_4.220 ;
    %load/vec4 v0000029d2baa4aa0_0;
    %parti/s 2, 6, 4;
    %store/vec4 v0000029d2baa48c0_0, 0, 2;
    %jmp T_4.225;
T_4.221 ;
    %load/vec4 v0000029d2baa4aa0_0;
    %parti/s 2, 4, 4;
    %store/vec4 v0000029d2baa48c0_0, 0, 2;
    %jmp T_4.225;
T_4.222 ;
    %load/vec4 v0000029d2baa4aa0_0;
    %parti/s 2, 2, 3;
    %store/vec4 v0000029d2baa48c0_0, 0, 2;
    %jmp T_4.225;
T_4.223 ;
    %load/vec4 v0000029d2baa4aa0_0;
    %parti/s 2, 0, 2;
    %store/vec4 v0000029d2baa48c0_0, 0, 2;
    %jmp T_4.225;
T_4.225 ;
    %pop/vec4 1;
    %delay 20000, 0;
    %load/vec4 v0000029d2baa4960_0;
    %nor/r;
    %flag_set/vec4 8;
    %jmp/0xz  T_4.226, 8;
    %vpi_call/w 3 380 "$display", "axiov != 1" {0 0 0};
T_4.226 ;
    %load/vec4 v0000029d2baa5220_0;
    %load/vec4 v0000029d2baa48c0_0;
    %cmp/ne;
    %jmp/0xz  T_4.228, 4;
    %vpi_call/w 3 383 "$display", "axiod is wrong" {0 0 0};
T_4.228 ;
    %load/vec4 v0000029d2ba58080_0;
    %subi 2, 0, 32;
    %cast2;
    %store/vec4 v0000029d2ba58080_0, 0, 32;
    %jmp T_4.218;
T_4.219 ;
    %end;
    .scope S_0000029d2ba5a3f0;
t_74 %join;
    %load/vec4 v0000029d2ba583a0_0;
    %subi 8, 0, 32;
    %cast2;
    %store/vec4 v0000029d2ba583a0_0, 0, 32;
    %jmp T_4.216;
T_4.217 ;
    %end;
    .scope S_0000029d2ba03540;
t_72 %join;
    %fork t_77, S_0000029d2ba58fa0;
    %jmp t_76;
    .scope S_0000029d2ba58fa0;
t_77 ;
    %pushi/vec4 31, 0, 32;
    %store/vec4 v0000029d2baa4000_0, 0, 32;
T_4.230 ;
    %load/vec4 v0000029d2baa4000_0;
    %cmpi/s 0, 0, 32;
    %flag_or 5, 4; GT is !LE
    %flag_inv 5;
    %jmp/0xz T_4.231, 5;
    %load/vec4 v0000029d2baa4fa0_0;
    %load/vec4 v0000029d2baa4000_0;
    %pad/s 34;
    %subi 7, 0, 34;
    %part/s 8;
    %store/vec4 v0000029d2baa4aa0_0, 0, 8;
    %fork t_79, S_0000029d2ba59130;
    %jmp t_78;
    .scope S_0000029d2ba59130;
t_79 ;
    %pushi/vec4 7, 0, 32;
    %store/vec4 v0000029d2baa4460_0, 0, 32;
T_4.232 ;
    %load/vec4 v0000029d2baa4460_0;
    %cmpi/s 0, 0, 32;
    %flag_or 5, 4; GT is !LE
    %flag_inv 5;
    %jmp/0xz T_4.233, 5;
    %load/vec4 v0000029d2baa4460_0;
    %dup/vec4;
    %pushi/vec4 7, 0, 32;
    %cmp/u;
    %jmp/1 T_4.234, 6;
    %dup/vec4;
    %pushi/vec4 5, 0, 32;
    %cmp/u;
    %jmp/1 T_4.235, 6;
    %dup/vec4;
    %pushi/vec4 3, 0, 32;
    %cmp/u;
    %jmp/1 T_4.236, 6;
    %dup/vec4;
    %pushi/vec4 1, 0, 32;
    %cmp/u;
    %jmp/1 T_4.237, 6;
    %jmp T_4.239;
T_4.234 ;
    %load/vec4 v0000029d2baa4aa0_0;
    %parti/s 2, 6, 4;
    %store/vec4 v0000029d2baa48c0_0, 0, 2;
    %jmp T_4.239;
T_4.235 ;
    %load/vec4 v0000029d2baa4aa0_0;
    %parti/s 2, 4, 4;
    %store/vec4 v0000029d2baa48c0_0, 0, 2;
    %jmp T_4.239;
T_4.236 ;
    %load/vec4 v0000029d2baa4aa0_0;
    %parti/s 2, 2, 3;
    %store/vec4 v0000029d2baa48c0_0, 0, 2;
    %jmp T_4.239;
T_4.237 ;
    %load/vec4 v0000029d2baa4aa0_0;
    %parti/s 2, 0, 2;
    %store/vec4 v0000029d2baa48c0_0, 0, 2;
    %jmp T_4.239;
T_4.239 ;
    %pop/vec4 1;
    %delay 20000, 0;
    %load/vec4 v0000029d2baa4960_0;
    %nor/r;
    %flag_set/vec4 8;
    %jmp/0xz  T_4.240, 8;
    %vpi_call/w 3 399 "$display", "axiov != 1" {0 0 0};
T_4.240 ;
    %load/vec4 v0000029d2baa5220_0;
    %load/vec4 v0000029d2baa48c0_0;
    %cmp/ne;
    %jmp/0xz  T_4.242, 4;
    %vpi_call/w 3 402 "$display", "axiod is wrong" {0 0 0};
T_4.242 ;
    %load/vec4 v0000029d2baa4460_0;
    %subi 2, 0, 32;
    %cast2;
    %store/vec4 v0000029d2baa4460_0, 0, 32;
    %jmp T_4.232;
T_4.233 ;
    %end;
    .scope S_0000029d2ba58fa0;
t_78 %join;
    %load/vec4 v0000029d2baa4000_0;
    %subi 8, 0, 32;
    %cast2;
    %store/vec4 v0000029d2baa4000_0, 0, 32;
    %jmp T_4.230;
T_4.231 ;
    %end;
    .scope S_0000029d2ba03540;
t_76 %join;
    %pushi/vec4 0, 0, 1;
    %store/vec4 v0000029d2baa41e0_0, 0, 1;
    %vpi_call/w 3 407 "$display", "PASSED TEST 4!" {0 0 0};
    %delay 400000, 0;
    %vpi_call/w 3 413 "$display", "Finishing Sim" {0 0 0};
    %vpi_call/w 3 414 "$finish" {0 0 0};
    %end;
    .thread T_4;
# The file index is used to find the file name in the following table.
:file_names 5;
    "N/A";
    "<interactive>";
    "-";
    "sim/firewall_tb.sv";
    "src/firewall.sv";
