#! /mingw64/bin/vvp
:ivl_version "12.0 (devel)" "(s20150603-1391-gd480c4d7d)";
:ivl_delay_selection "TYPICAL";
:vpi_time_precision - 12;
:vpi_module "C:\msys64\mingw64\lib\ivl\system.vpi";
:vpi_module "C:\msys64\mingw64\lib\ivl\vhdl_sys.vpi";
:vpi_module "C:\msys64\mingw64\lib\ivl\vhdl_textio.vpi";
:vpi_module "C:\msys64\mingw64\lib\ivl\v2005_math.vpi";
:vpi_module "C:\msys64\mingw64\lib\ivl\va_math.vpi";
:vpi_module "C:\msys64\mingw64\lib\ivl\v2009.vpi";
S_00000207095029c0 .scope package, "$unit" "$unit" 2 1;
 .timescale 0 0;
S_0000020709502b50 .scope module, "simple_counter_tb" "simple_counter_tb" 3 3;
 .timescale -9 -12;
v0000020709502d80_0 .var "clk_in", 0 0;
v0000020709538510_0 .net "count_out", 15 0, v000002070964bf30_0;  1 drivers
v00000207095385b0_0 .var "evt_in", 0 0;
v0000020709538650_0 .var "rst_in", 0 0;
S_0000020709538380 .scope module, "my_counter" "simple_counter" 3 11, 4 3 0, S_0000020709502b50;
 .timescale -9 -12;
    .port_info 0 /INPUT 1 "clk_in";
    .port_info 1 /INPUT 1 "rst_in";
    .port_info 2 /INPUT 1 "evt_in";
    .port_info 3 /OUTPUT 16 "count_out";
v00000207095353e0_0 .net "clk_in", 0 0, v0000020709502d80_0;  1 drivers
v000002070964bf30_0 .var "count_out", 15 0;
v000002070964a310_0 .net "evt_in", 0 0, v00000207095385b0_0;  1 drivers
v0000020709502ce0_0 .net "rst_in", 0 0, v0000020709538650_0;  1 drivers
E_00000207095251a0 .event posedge, v00000207095353e0_0;
    .scope S_0000020709538380;
T_0 ;
    %wait E_00000207095251a0;
    %load/vec4 v0000020709502ce0_0;
    %flag_set/vec4 8;
    %jmp/0xz  T_0.0, 8;
    %pushi/vec4 0, 0, 16;
    %assign/vec4 v000002070964bf30_0, 0;
    %jmp T_0.1;
T_0.0 ;
    %load/vec4 v000002070964a310_0;
    %flag_set/vec4 8;
    %jmp/0xz  T_0.2, 8;
    %load/vec4 v000002070964bf30_0;
    %addi 1, 0, 16;
    %assign/vec4 v000002070964bf30_0, 0;
T_0.2 ;
T_0.1 ;
    %jmp T_0;
    .thread T_0;
    .scope S_0000020709502b50;
T_1 ;
    %delay 5000, 0;
    %load/vec4 v0000020709502d80_0;
    %nor/r;
    %store/vec4 v0000020709502d80_0, 0, 1;
    %jmp T_1;
    .thread T_1;
    .scope S_0000020709502b50;
T_2 ;
    %pushi/vec4 0, 0, 1;
    %store/vec4 v0000020709502d80_0, 0, 1;
    %end;
    .thread T_2;
    .scope S_0000020709502b50;
T_3 ;
    %vpi_call/w 3 47 "$dumpfile", "counter.vcd" {0 0 0};
    %vpi_call/w 3 48 "$dumpvars", 32'sb00000000000000000000000000000000, S_0000020709502b50 {0 0 0};
    %vpi_call/w 3 53 "$display", "Starting Sim" {0 0 0};
    %pushi/vec4 0, 0, 1;
    %store/vec4 v0000020709538650_0, 0, 1;
    %pushi/vec4 0, 0, 1;
    %store/vec4 v00000207095385b0_0, 0, 1;
    %delay 20000, 0;
    %pushi/vec4 1, 0, 1;
    %store/vec4 v0000020709538650_0, 0, 1;
    %delay 20000, 0;
    %pushi/vec4 0, 0, 1;
    %store/vec4 v0000020709538650_0, 0, 1;
    %delay 20000, 0;
    %pushi/vec4 1, 0, 1;
    %store/vec4 v00000207095385b0_0, 0, 1;
    %delay 10000, 0;
    %pushi/vec4 0, 0, 1;
    %store/vec4 v00000207095385b0_0, 0, 1;
    %delay 50000, 0;
    %pushi/vec4 1, 0, 1;
    %store/vec4 v00000207095385b0_0, 0, 1;
    %delay 200000, 0;
    %pushi/vec4 0, 0, 1;
    %store/vec4 v00000207095385b0_0, 0, 1;
    %delay 200000, 0;
    %pushi/vec4 1, 0, 1;
    %store/vec4 v00000207095385b0_0, 0, 1;
    %delay 50000, 0;
    %pushi/vec4 1, 0, 1;
    %store/vec4 v0000020709538650_0, 0, 1;
    %delay 50000, 0;
    %vpi_call/w 3 89 "$finish" {0 0 0};
    %end;
    .thread T_3;
# The file index is used to find the file name in the following table.
:file_names 5;
    "N/A";
    "<interactive>";
    "-";
    "sim/simple_counter_tb.sv";
    "src/simple_counter.sv";
